<?xml version="1.0" encoding="UTF-8"?>
<testsuites name="Pre-regist" time="23.839" tests="1" failures="1" errors="0">
   <testsuite name="Pre-regist" tests="1" failures="1" errors="0" time="23.839" skipped="0" timestamp="2021-08-25 14:42:23" hostname="15997182 - N0101-7182-IQC.muf.co.id" id="Test Suites/Pre-regist">
      <properties>
         <property name="deviceName" value=""/>
         <property name="devicePlatform" value=""/>
         <property name="logFolder" value="D:\\MySiloam\\Reports\\20210825_144210\\Pre-regist\\20210825_144210"/>
         <property name="logFiles" value="D:\\MySiloam\\Reports\\20210825_144210\\Pre-regist\\20210825_144210\\execution0.log"/>
         <property name="attachments" value="D:\\MySiloam\\Reports\\20210825_144210\\Pre-regist\\20210825_144210\\1629877352461.png, D:\\MySiloam\\Reports\\20210825_144210\\Pre-regist\\20210825_144210\\1629877357308.png, D:\\MySiloam\\Reports\\20210825_144210\\Pre-regist\\20210825_144210\\1629877361912.png, D:\\MySiloam\\Reports\\20210825_144210\\Pre-regist\\20210825_144210\\1629877366507.png"/>
         <property name="hostName" value="15997182 - N0101-7182-IQC.muf.co.id"/>
         <property name="os" value="Windows 10 64bit"/>
         <property name="katalonVersion" value="8.1.0.208"/>
         <property name="browser" value="Chrome 92.0.4515.159"/>
         <property name="hostAddress" value="10.1.189.73"/>
         <property name="sessionId" value="27cdefe6fc78ef5835434e3ddcbfbc02"/>
         <property name="seleniumVersion" value="3.141.59"/>
         <property name="proxyInformation" value="ProxyInformation { proxyOption=NO_PROXY, proxyServerType=HTTP, username=, password=********, proxyServerAddress=, proxyServerPort=0, executionList=&quot;&quot;, isApplyToDesiredCapabilities=true }"/>
         <property name="platform" value="Windows 10"/>
      </properties>
      <testcase name="Test Cases/Pre-regist Covid/OP Admin" time="4.598" classname="Test Cases/Pre-regist Covid/OP Admin" status="FAILED">
         <failure type="FAILED" message="Test Cases/Pre-regist Covid/OP Admin FAILED.
Reason:
com.kms.katalon.core.exception.StepFailedException: Unable to click on object 'Object Repository/Pre-regist Covid/OP Admin/MySiloam OPD Administrator/button_Add Schedule'
	at com.kms.katalon.core.webui.keyword.internal.WebUIKeywordMain.stepFailed(WebUIKeywordMain.groovy:64)
	at com.kms.katalon.core.webui.keyword.internal.WebUIKeywordMain.runKeyword(WebUIKeywordMain.groovy:26)
	at com.kms.katalon.core.webui.keyword.builtin.ClickKeyword.click(ClickKeyword.groovy:75)
	at com.kms.katalon.core.webui.keyword.builtin.ClickKeyword.execute(ClickKeyword.groovy:42)
	at com.kms.katalon.core.keyword.internal.KeywordExecutor.executeKeywordForPlatform(KeywordExecutor.groovy:74)
	at com.kms.katalon.core.webui.keyword.WebUiBuiltInKeywords.click(WebUiBuiltInKeywords.groovy:620)
	at com.kms.katalon.core.webui.keyword.WebUiBuiltInKeywords$click.call(Unknown Source)
	at OP Admin.run(OP Admin:123)
	at com.kms.katalon.core.main.ScriptEngine.run(ScriptEngine.java:194)
	at com.kms.katalon.core.main.ScriptEngine.runScriptAsRawText(ScriptEngine.java:119)
	at com.kms.katalon.core.main.TestCaseExecutor.runScript(TestCaseExecutor.java:430)
	at com.kms.katalon.core.main.TestCaseExecutor.doExecute(TestCaseExecutor.java:421)
	at com.kms.katalon.core.main.TestCaseExecutor.processExecutionPhase(TestCaseExecutor.java:400)
	at com.kms.katalon.core.main.TestCaseExecutor.accessMainPhase(TestCaseExecutor.java:392)
	at com.kms.katalon.core.main.TestCaseExecutor.execute(TestCaseExecutor.java:273)
	at com.kms.katalon.core.main.TestCaseExecutor.execute(TestCaseExecutor.java:351)
	at com.kms.katalon.core.main.TestCaseExecutor.execute(TestCaseExecutor.java:351)
	at com.kms.katalon.core.main.TestCaseExecutor.execute(TestCaseExecutor.java:351)
	at com.kms.katalon.core.main.TestSuiteExecutor.accessTestCaseMainPhase(TestSuiteExecutor.java:202)
	at com.kms.katalon.core.main.TestSuiteExecutor.accessTestSuiteMainPhase(TestSuiteExecutor.java:164)
	at com.kms.katalon.core.main.TestSuiteExecutor.execute(TestSuiteExecutor.java:105)
	at com.kms.katalon.core.main.TestCaseMain.startTestSuite(TestCaseMain.java:185)
	at com.kms.katalon.core.main.TestCaseMain$startTestSuite$0.call(Unknown Source)
	at TempTestSuite1629877330532.run(TempTestSuite1629877330532.groovy:36)
Caused by: org.openqa.selenium.ElementClickInterceptedException: element click intercepted: Element &lt;button _ngcontent-c13=&quot;&quot; class=&quot;schedule-add-button btn btn-primary pull-right ng-star-inserted&quot;>...&lt;/button> is not clickable at point (1205, 176). Other element would receive the click: &lt;div class=&quot;cdk-overlay-backdrop cdk-overlay-dark-backdrop cdk-overlay-backdrop-showing&quot;>&lt;/div>
  (Session info: chrome=92.0.4515.159)
Build info: version: '3.141.59', revision: 'e82be7d358', time: '2018-11-14T08:25:53'
System info: host: 'N0101-7182-IQC', ip: '10.1.189.73', os.name: 'Windows 10', os.arch: 'amd64', os.version: '10.0', java.version: '1.8.0_282'
Driver info: com.kms.katalon.core.webui.driver.ExistingRemoteWebDriver
Capabilities {javascriptEnabled: true, platform: ANY, platformName: ANY}
Session ID: 27cdefe6fc78ef5835434e3ddcbfbc02
	at org.openqa.selenium.remote.http.W3CHttpResponseCodec.createException(W3CHttpResponseCodec.java:187)
	at org.openqa.selenium.remote.http.W3CHttpResponseCodec.decode(W3CHttpResponseCodec.java:122)
	at org.openqa.selenium.remote.http.W3CHttpResponseCodec.decode(W3CHttpResponseCodec.java:49)
	at org.openqa.selenium.remote.HttpCommandExecutor.execute(HttpCommandExecutor.java:158)
	at org.openqa.selenium.remote.RemoteWebDriver.execute(RemoteWebDriver.java:552)
	at com.kms.katalon.core.webui.driver.ExistingRemoteWebDriver.execute(ExistingRemoteWebDriver.java:108)
	at org.openqa.selenium.remote.RemoteWebElement.execute(RemoteWebElement.java:285)
	at org.openqa.selenium.remote.RemoteWebElement.click(RemoteWebElement.java:84)
	at org.openqa.selenium.support.events.EventFiringWebDriver$EventFiringWebElement.lambda$new$0(EventFiringWebDriver.java:404)
	at com.sun.proxy.$Proxy11.click(Unknown Source)
	at org.openqa.selenium.support.events.EventFiringWebDriver$EventFiringWebElement.click(EventFiringWebDriver.java:417)
	at com.kms.katalon.core.webui.keyword.builtin.ClickKeyword$_click_closure1.doCall(ClickKeyword.groovy:68)
	at com.kms.katalon.core.webui.keyword.builtin.ClickKeyword$_click_closure1.call(ClickKeyword.groovy)
	at com.kms.katalon.core.webui.keyword.internal.WebUIKeywordMain.runKeyword(WebUIKeywordMain.groovy:20)
	... 22 more
"/>
         <system-out><![CDATA[2021-08-25 14:42:42 - [TEST_CASE][FAILED] - Test Cases/Pre-regist Covid/OP Admin: Test Cases/Pre-regist Covid/OP Admin FAILED.
Reason:
com.kms.katalon.core.exception.StepFailedException: Unable to click on object 'Object Repository/Pre-regist Covid/OP Admin/MySiloam OPD Administrator/button_Add Schedule'
	at com.kms.katalon.core.webui.keyword.internal.WebUIKeywordMain.stepFailed(WebUIKeywordMain.groovy:64)
	at com.kms.katalon.core.webui.keyword.internal.WebUIKeywordMain.runKeyword(WebUIKeywordMain.groovy:26)
	at com.kms.katalon.core.webui.keyword.builtin.ClickKeyword.click(ClickKeyword.groovy:75)
	at com.kms.katalon.core.webui.keyword.builtin.ClickKeyword.execute(ClickKeyword.groovy:42)
	at com.kms.katalon.core.keyword.internal.KeywordExecutor.executeKeywordForPlatform(KeywordExecutor.groovy:74)
	at com.kms.katalon.core.webui.keyword.WebUiBuiltInKeywords.click(WebUiBuiltInKeywords.groovy:620)
	at com.kms.katalon.core.webui.keyword.WebUiBuiltInKeywords$click.call(Unknown Source)
	at OP Admin.run(OP Admin:123)
	at com.kms.katalon.core.main.ScriptEngine.run(ScriptEngine.java:194)
	at com.kms.katalon.core.main.ScriptEngine.runScriptAsRawText(ScriptEngine.java:119)
	at com.kms.katalon.core.main.TestCaseExecutor.runScript(TestCaseExecutor.java:430)
	at com.kms.katalon.core.main.TestCaseExecutor.doExecute(TestCaseExecutor.java:421)
	at com.kms.katalon.core.main.TestCaseExecutor.processExecutionPhase(TestCaseExecutor.java:400)
	at com.kms.katalon.core.main.TestCaseExecutor.accessMainPhase(TestCaseExecutor.java:392)
	at com.kms.katalon.core.main.TestCaseExecutor.execute(TestCaseExecutor.java:273)
	at com.kms.katalon.core.main.TestCaseExecutor.execute(TestCaseExecutor.java:351)
	at com.kms.katalon.core.main.TestCaseExecutor.execute(TestCaseExecutor.java:351)
	at com.kms.katalon.core.main.TestCaseExecutor.execute(TestCaseExecutor.java:351)
	at com.kms.katalon.core.main.TestSuiteExecutor.accessTestCaseMainPhase(TestSuiteExecutor.java:202)
	at com.kms.katalon.core.main.TestSuiteExecutor.accessTestSuiteMainPhase(TestSuiteExecutor.java:164)
	at com.kms.katalon.core.main.TestSuiteExecutor.execute(TestSuiteExecutor.java:105)
	at com.kms.katalon.core.main.TestCaseMain.startTestSuite(TestCaseMain.java:185)
	at com.kms.katalon.core.main.TestCaseMain$startTestSuite$0.call(Unknown Source)
	at TempTestSuite1629877330532.run(TempTestSuite1629877330532.groovy:36)
Caused by: org.openqa.selenium.ElementClickInterceptedException: element click intercepted: Element <button _ngcontent-c13="" class="schedule-add-button btn btn-primary pull-right ng-star-inserted">...</button> is not clickable at point (1205, 176). Other element would receive the click: <div class="cdk-overlay-backdrop cdk-overlay-dark-backdrop cdk-overlay-backdrop-showing"></div>
  (Session info: chrome=92.0.4515.159)
Build info: version: '3.141.59', revision: 'e82be7d358', time: '2018-11-14T08:25:53'
System info: host: 'N0101-7182-IQC', ip: '10.1.189.73', os.name: 'Windows 10', os.arch: 'amd64', os.version: '10.0', java.version: '1.8.0_282'
Driver info: com.kms.katalon.core.webui.driver.ExistingRemoteWebDriver
Capabilities {javascriptEnabled: true, platform: ANY, platformName: ANY}
Session ID: 27cdefe6fc78ef5835434e3ddcbfbc02
	at org.openqa.selenium.remote.http.W3CHttpResponseCodec.createException(W3CHttpResponseCodec.java:187)
	at org.openqa.selenium.remote.http.W3CHttpResponseCodec.decode(W3CHttpResponseCodec.java:122)
	at org.openqa.selenium.remote.http.W3CHttpResponseCodec.decode(W3CHttpResponseCodec.java:49)
	at org.openqa.selenium.remote.HttpCommandExecutor.execute(HttpCommandExecutor.java:158)
	at org.openqa.selenium.remote.RemoteWebDriver.execute(RemoteWebDriver.java:552)
	at com.kms.katalon.core.webui.driver.ExistingRemoteWebDriver.execute(ExistingRemoteWebDriver.java:108)
	at org.openqa.selenium.remote.RemoteWebElement.execute(RemoteWebElement.java:285)
	at org.openqa.selenium.remote.RemoteWebElement.click(RemoteWebElement.java:84)
	at org.openqa.selenium.support.events.EventFiringWebDriver$EventFiringWebElement.lambda$new$0(EventFiringWebDriver.java:404)
	at com.sun.proxy.$Proxy11.click(Unknown Source)
	at org.openqa.selenium.support.events.EventFiringWebDriver$EventFiringWebElement.click(EventFiringWebDriver.java:417)
	at com.kms.katalon.core.webui.keyword.builtin.ClickKeyword$_click_closure1.doCall(ClickKeyword.groovy:68)
	at com.kms.katalon.core.webui.keyword.builtin.ClickKeyword$_click_closure1.call(ClickKeyword.groovy)
	at com.kms.katalon.core.webui.keyword.internal.WebUIKeywordMain.runKeyword(WebUIKeywordMain.groovy:20)
	... 22 more


2021-08-25 14:42:42 - [TEST_STEP][NOT_RUN] - openBrowser(""): NOT_RUN: openBrowser("")

2021-08-25 14:42:42 - [MESSAGE][NOT_RUN] - NOT_RUN: openBrowser("")

2021-08-25 14:42:42 - [TEST_STEP][NOT_RUN] - navigateToUrl("http://10.85.139.100:8484/checkup"): NOT_RUN: navigateToUrl("http://10.85.139.100:8484/checkup")

2021-08-25 14:42:42 - [MESSAGE][NOT_RUN] - NOT_RUN: navigateToUrl("http://10.85.139.100:8484/checkup")

2021-08-25 14:42:42 - [TEST_STEP][NOT_RUN] - waitForElementVisible(findTestObject("Pre-regist Covid/OP Admin/MySiloam OPD Administrator/button_Login"), 120): NOT_RUN: waitForElementVisible(findTestObject("Pre-regist Covid/OP Admin/MySiloam OPD Administrator/button_Login"), 120)

2021-08-25 14:42:42 - [MESSAGE][NOT_RUN] - NOT_RUN: waitForElementVisible(findTestObject("Pre-regist Covid/OP Admin/MySiloam OPD Administrator/button_Login"), 120)

2021-08-25 14:42:42 - [TEST_STEP][NOT_RUN] - maximizeWindow(): NOT_RUN: maximizeWindow()

2021-08-25 14:42:42 - [MESSAGE][NOT_RUN] - NOT_RUN: maximizeWindow()

2021-08-25 14:42:42 - [TEST_STEP][NOT_RUN] - delay(2): NOT_RUN: delay(2)

2021-08-25 14:42:42 - [MESSAGE][NOT_RUN] - NOT_RUN: delay(2)

2021-08-25 14:42:42 - [TEST_STEP][NOT_RUN] - setText(findTestObject("Pre-regist Covid/OP Admin/MySiloam OPD Administrator/input_Username_username"), Username): NOT_RUN: setText(findTestObject("Pre-regist Covid/OP Admin/MySiloam OPD Administrator/input_Username_username"), Username)

2021-08-25 14:42:42 - [MESSAGE][NOT_RUN] - NOT_RUN: setText(findTestObject("Pre-regist Covid/OP Admin/MySiloam OPD Administrator/input_Username_username"), Username)

2021-08-25 14:42:42 - [TEST_STEP][NOT_RUN] - delay(2): NOT_RUN: delay(2)

2021-08-25 14:42:42 - [MESSAGE][NOT_RUN] - NOT_RUN: delay(2)

2021-08-25 14:42:42 - [TEST_STEP][NOT_RUN] - setText(findTestObject("Pre-regist Covid/OP Admin/MySiloam OPD Administrator/input_Password_password"), Password): NOT_RUN: setText(findTestObject("Pre-regist Covid/OP Admin/MySiloam OPD Administrator/input_Password_password"), Password)

2021-08-25 14:42:42 - [MESSAGE][NOT_RUN] - NOT_RUN: setText(findTestObject("Pre-regist Covid/OP Admin/MySiloam OPD Administrator/input_Password_password"), Password)

2021-08-25 14:42:42 - [TEST_STEP][NOT_RUN] - click(findTestObject("Pre-regist Covid/OP Admin/MySiloam OPD Administrator/button_Login")): NOT_RUN: click(findTestObject("Pre-regist Covid/OP Admin/MySiloam OPD Administrator/button_Login"))

2021-08-25 14:42:42 - [MESSAGE][NOT_RUN] - NOT_RUN: click(findTestObject("Pre-regist Covid/OP Admin/MySiloam OPD Administrator/button_Login"))

2021-08-25 14:42:42 - [TEST_STEP][NOT_RUN] - delay(2): NOT_RUN: delay(2)

2021-08-25 14:42:42 - [MESSAGE][NOT_RUN] - NOT_RUN: delay(2)

2021-08-25 14:42:42 - [TEST_STEP][NOT_RUN] - waitForPageLoad(30, STOP_ON_FAILURE): NOT_RUN: waitForPageLoad(30, STOP_ON_FAILURE)

2021-08-25 14:42:42 - [MESSAGE][NOT_RUN] - NOT_RUN: waitForPageLoad(30, STOP_ON_FAILURE)

2021-08-25 14:42:42 - [TEST_STEP][NOT_RUN] - waitForElementVisible(findTestObject("Pre-regist Covid/OP Admin/MySiloam OPD Administrator/button_Add New Group"), 10): NOT_RUN: waitForElementVisible(findTestObject("Pre-regist Covid/OP Admin/MySiloam OPD Administrator/button_Add New Group"), 10)

2021-08-25 14:42:42 - [MESSAGE][NOT_RUN] - NOT_RUN: waitForElementVisible(findTestObject("Pre-regist Covid/OP Admin/MySiloam OPD Administrator/button_Add New Group"), 10)

2021-08-25 14:42:42 - [TEST_STEP][NOT_RUN] - click(findTestObject("Pre-regist Covid/OP Admin/MySiloam OPD Administrator/button_Add New Group")): NOT_RUN: click(findTestObject("Pre-regist Covid/OP Admin/MySiloam OPD Administrator/button_Add New Group"))

2021-08-25 14:42:42 - [MESSAGE][NOT_RUN] - NOT_RUN: click(findTestObject("Pre-regist Covid/OP Admin/MySiloam OPD Administrator/button_Add New Group"))

2021-08-25 14:42:42 - [TEST_STEP][NOT_RUN] - setText(findTestObject("Pre-regist Covid/OP Admin/MySiloam OPD Administrator/group-name"), GroupName): NOT_RUN: setText(findTestObject("Pre-regist Covid/OP Admin/MySiloam OPD Administrator/group-name"), GroupName)

2021-08-25 14:42:42 - [MESSAGE][NOT_RUN] - NOT_RUN: setText(findTestObject("Pre-regist Covid/OP Admin/MySiloam OPD Administrator/group-name"), GroupName)

2021-08-25 14:42:42 - [TEST_STEP][NOT_RUN] - selectOptionByValue(findTestObject("Pre-regist Covid/OP Admin/MySiloam OPD Administrator/select_group type"), GroupType, true): NOT_RUN: selectOptionByValue(findTestObject("Pre-regist Covid/OP Admin/MySiloam OPD Administrator/select_group type"), GroupType, true)

2021-08-25 14:42:42 - [MESSAGE][NOT_RUN] - NOT_RUN: selectOptionByValue(findTestObject("Pre-regist Covid/OP Admin/MySiloam OPD Administrator/select_group type"), GroupType, true)

2021-08-25 14:42:42 - [TEST_STEP][NOT_RUN] - delay(2): NOT_RUN: delay(2)

2021-08-25 14:42:42 - [MESSAGE][NOT_RUN] - NOT_RUN: delay(2)

2021-08-25 14:42:42 - [TEST_STEP][NOT_RUN] - if (Services == "DT"): NOT_RUN: if (Services == "DT")

2021-08-25 14:42:42 - [MESSAGE][NOT_RUN] - NOT_RUN: if (Services == "DT")

2021-08-25 14:42:42 - [TEST_STEP][NOT_RUN] - delay(2): NOT_RUN: delay(2)

2021-08-25 14:42:42 - [MESSAGE][NOT_RUN] - NOT_RUN: delay(2)

2021-08-25 14:42:42 - [TEST_STEP][NOT_RUN] - click(findTestObject("Pre-regist Covid/OP Admin/MySiloam OPD Administrator/dropdown")): NOT_RUN: click(findTestObject("Pre-regist Covid/OP Admin/MySiloam OPD Administrator/dropdown"))

2021-08-25 14:42:42 - [MESSAGE][NOT_RUN] - NOT_RUN: click(findTestObject("Pre-regist Covid/OP Admin/MySiloam OPD Administrator/dropdown"))

2021-08-25 14:42:42 - [TEST_STEP][NOT_RUN] - delay(5): NOT_RUN: delay(5)

2021-08-25 14:42:42 - [MESSAGE][NOT_RUN] - NOT_RUN: delay(5)

2021-08-25 14:42:42 - [TEST_STEP][NOT_RUN] - if (Paket == "Rapid Test"): NOT_RUN: if (Paket == "Rapid Test")

2021-08-25 14:42:42 - [MESSAGE][NOT_RUN] - NOT_RUN: if (Paket == "Rapid Test")

2021-08-25 14:42:42 - [TEST_STEP][NOT_RUN] - delay(4): NOT_RUN: delay(4)

2021-08-25 14:42:42 - [MESSAGE][NOT_RUN] - NOT_RUN: delay(4)

2021-08-25 14:42:42 - [TEST_STEP][NOT_RUN] - click(findTestObject("Pre-regist Covid/OP Admin/MySiloam OPD Administrator/Body URL")): NOT_RUN: click(findTestObject("Pre-regist Covid/OP Admin/MySiloam OPD Administrator/Body URL"))

2021-08-25 14:42:42 - [MESSAGE][NOT_RUN] - NOT_RUN: click(findTestObject("Pre-regist Covid/OP Admin/MySiloam OPD Administrator/Body URL"))

2021-08-25 14:42:42 - [TEST_STEP][NOT_RUN] - delay(3): NOT_RUN: delay(3)

2021-08-25 14:42:42 - [MESSAGE][NOT_RUN] - NOT_RUN: delay(3)

2021-08-25 14:42:42 - [TEST_STEP][NOT_RUN] - click(findTestObject("Pre-regist Covid/OP Admin/MySiloam OPD Administrator/button_Save")): NOT_RUN: click(findTestObject("Pre-regist Covid/OP Admin/MySiloam OPD Administrator/button_Save"))

2021-08-25 14:42:42 - [MESSAGE][NOT_RUN] - NOT_RUN: click(findTestObject("Pre-regist Covid/OP Admin/MySiloam OPD Administrator/button_Save"))

2021-08-25 14:42:42 - [TEST_STEP][NOT_RUN] - waitForElementVisible(findTestObject("Pre-regist Covid/OP Admin/MySiloam OPD Administrator/div_OKCancel"), 5): NOT_RUN: waitForElementVisible(findTestObject("Pre-regist Covid/OP Admin/MySiloam OPD Administrator/div_OKCancel"), 5)

2021-08-25 14:42:42 - [MESSAGE][NOT_RUN] - NOT_RUN: waitForElementVisible(findTestObject("Pre-regist Covid/OP Admin/MySiloam OPD Administrator/div_OKCancel"), 5)

2021-08-25 14:42:42 - [TEST_STEP][NOT_RUN] - click(findTestObject("Pre-regist Covid/OP Admin/MySiloam OPD Administrator/div_OKCancel")): NOT_RUN: click(findTestObject("Pre-regist Covid/OP Admin/MySiloam OPD Administrator/div_OKCancel"))

2021-08-25 14:42:42 - [MESSAGE][NOT_RUN] - NOT_RUN: click(findTestObject("Pre-regist Covid/OP Admin/MySiloam OPD Administrator/div_OKCancel"))

2021-08-25 14:42:42 - [TEST_STEP][NOT_RUN] - waitForElementNotVisible(findTestObject("Pre-regist Covid/OP Admin/MySiloam OPD Administrator/div_OKCancel"), 5): NOT_RUN: waitForElementNotVisible(findTestObject("Pre-regist Covid/OP Admin/MySiloam OPD Administrator/div_OKCancel"), 5)

2021-08-25 14:42:42 - [MESSAGE][NOT_RUN] - NOT_RUN: waitForElementNotVisible(findTestObject("Pre-regist Covid/OP Admin/MySiloam OPD Administrator/div_OKCancel"), 5)

2021-08-25 14:42:42 - [TEST_STEP][PASSED] - delay(3): Delayed 3 second(s)

2021-08-25 14:42:45 - [MESSAGE][PASSED] - Delayed 3 second(s)

2021-08-25 14:42:45 - [TEST_STEP][FAILED] - click(findTestObject("Pre-regist Covid/OP Admin/MySiloam OPD Administrator/button_Add Schedule")): Unable to click on object 'Object Repository/Pre-regist Covid/OP Admin/MySiloam OPD Administrator/button_Add Schedule' (Root cause: com.kms.katalon.core.exception.StepFailedException: Unable to click on object 'Object Repository/Pre-regist Covid/OP Admin/MySiloam OPD Administrator/button_Add Schedule'
	at com.kms.katalon.core.webui.keyword.internal.WebUIKeywordMain.stepFailed(WebUIKeywordMain.groovy:64)
	at com.kms.katalon.core.webui.keyword.internal.WebUIKeywordMain.runKeyword(WebUIKeywordMain.groovy:26)
	at com.kms.katalon.core.webui.keyword.builtin.ClickKeyword.click(ClickKeyword.groovy:75)
	at com.kms.katalon.core.webui.keyword.builtin.ClickKeyword.execute(ClickKeyword.groovy:42)
	at com.kms.katalon.core.keyword.internal.KeywordExecutor.executeKeywordForPlatform(KeywordExecutor.groovy:74)
	at com.kms.katalon.core.webui.keyword.WebUiBuiltInKeywords.click(WebUiBuiltInKeywords.groovy:620)
	at com.kms.katalon.core.webui.keyword.WebUiBuiltInKeywords$click.call(Unknown Source)
	at OP Admin.run(OP Admin:123)
	at com.kms.katalon.core.main.ScriptEngine.run(ScriptEngine.java:194)
	at com.kms.katalon.core.main.ScriptEngine.runScriptAsRawText(ScriptEngine.java:119)
	at com.kms.katalon.core.main.TestCaseExecutor.runScript(TestCaseExecutor.java:430)
	at com.kms.katalon.core.main.TestCaseExecutor.doExecute(TestCaseExecutor.java:421)
	at com.kms.katalon.core.main.TestCaseExecutor.processExecutionPhase(TestCaseExecutor.java:400)
	at com.kms.katalon.core.main.TestCaseExecutor.accessMainPhase(TestCaseExecutor.java:392)
	at com.kms.katalon.core.main.TestCaseExecutor.execute(TestCaseExecutor.java:273)
	at com.kms.katalon.core.main.TestCaseExecutor.execute(TestCaseExecutor.java:351)
	at com.kms.katalon.core.main.TestCaseExecutor.execute(TestCaseExecutor.java:351)
	at com.kms.katalon.core.main.TestCaseExecutor.execute(TestCaseExecutor.java:351)
	at com.kms.katalon.core.main.TestSuiteExecutor.accessTestCaseMainPhase(TestSuiteExecutor.java:202)
	at com.kms.katalon.core.main.TestSuiteExecutor.accessTestSuiteMainPhase(TestSuiteExecutor.java:164)
	at com.kms.katalon.core.main.TestSuiteExecutor.execute(TestSuiteExecutor.java:105)
	at com.kms.katalon.core.main.TestCaseMain.startTestSuite(TestCaseMain.java:185)
	at com.kms.katalon.core.main.TestCaseMain$startTestSuite$0.call(Unknown Source)
	at TempTestSuite1629877330532.run(TempTestSuite1629877330532.groovy:36)
Caused by: org.openqa.selenium.ElementClickInterceptedException: element click intercepted: Element <button _ngcontent-c13="" class="schedule-add-button btn btn-primary pull-right ng-star-inserted">...</button> is not clickable at point (1205, 176). Other element would receive the click: <div class="cdk-overlay-backdrop cdk-overlay-dark-backdrop cdk-overlay-backdrop-showing"></div>
  (Session info: chrome=92.0.4515.159)
Build info: version: '3.141.59', revision: 'e82be7d358', time: '2018-11-14T08:25:53'
System info: host: 'N0101-7182-IQC', ip: '10.1.189.73', os.name: 'Windows 10', os.arch: 'amd64', os.version: '10.0', java.version: '1.8.0_282'
Driver info: com.kms.katalon.core.webui.driver.ExistingRemoteWebDriver
Capabilities {javascriptEnabled: true, platform: ANY, platformName: ANY}
Session ID: 27cdefe6fc78ef5835434e3ddcbfbc02
	at org.openqa.selenium.remote.http.W3CHttpResponseCodec.createException(W3CHttpResponseCodec.java:187)
	at org.openqa.selenium.remote.http.W3CHttpResponseCodec.decode(W3CHttpResponseCodec.java:122)
	at org.openqa.selenium.remote.http.W3CHttpResponseCodec.decode(W3CHttpResponseCodec.java:49)
	at org.openqa.selenium.remote.HttpCommandExecutor.execute(HttpCommandExecutor.java:158)
	at org.openqa.selenium.remote.RemoteWebDriver.execute(RemoteWebDriver.java:552)
	at com.kms.katalon.core.webui.driver.ExistingRemoteWebDriver.execute(ExistingRemoteWebDriver.java:108)
	at org.openqa.selenium.remote.RemoteWebElement.execute(RemoteWebElement.java:285)
	at org.openqa.selenium.remote.RemoteWebElement.click(RemoteWebElement.java:84)
	at org.openqa.selenium.support.events.EventFiringWebDriver$EventFiringWebElement.lambda$new$0(EventFiringWebDriver.java:404)
	at com.sun.proxy.$Proxy11.click(Unknown Source)
	at org.openqa.selenium.support.events.EventFiringWebDriver$EventFiringWebElement.click(EventFiringWebDriver.java:417)
	at com.kms.katalon.core.webui.keyword.builtin.ClickKeyword$_click_closure1.doCall(ClickKeyword.groovy:68)
	at com.kms.katalon.core.webui.keyword.builtin.ClickKeyword$_click_closure1.call(ClickKeyword.groovy)
	at com.kms.katalon.core.webui.keyword.internal.WebUIKeywordMain.runKeyword(WebUIKeywordMain.groovy:20)
	at com.kms.katalon.core.webui.keyword.builtin.ClickKeyword.click(ClickKeyword.groovy:75)
	at com.kms.katalon.core.webui.keyword.builtin.ClickKeyword.execute(ClickKeyword.groovy:42)
	at com.kms.katalon.core.keyword.internal.KeywordExecutor.executeKeywordForPlatform(KeywordExecutor.groovy:74)
	at com.kms.katalon.core.webui.keyword.WebUiBuiltInKeywords.click(WebUiBuiltInKeywords.groovy:620)
	at com.kms.katalon.core.webui.keyword.WebUiBuiltInKeywords$click.call(Unknown Source)
	at Script1629776092214.run(Script1629776092214.groovy:123)
	... 16 more
)

2021-08-25 14:42:46 - [MESSAGE][FAILED] - Unable to click on object 'Object Repository/Pre-regist Covid/OP Admin/MySiloam OPD Administrator/button_Add Schedule' (Root cause: com.kms.katalon.core.exception.StepFailedException: Unable to click on object 'Object Repository/Pre-regist Covid/OP Admin/MySiloam OPD Administrator/button_Add Schedule'
	at com.kms.katalon.core.webui.keyword.internal.WebUIKeywordMain.stepFailed(WebUIKeywordMain.groovy:64)
	at com.kms.katalon.core.webui.keyword.internal.WebUIKeywordMain.runKeyword(WebUIKeywordMain.groovy:26)
	at com.kms.katalon.core.webui.keyword.builtin.ClickKeyword.click(ClickKeyword.groovy:75)
	at com.kms.katalon.core.webui.keyword.builtin.ClickKeyword.execute(ClickKeyword.groovy:42)
	at com.kms.katalon.core.keyword.internal.KeywordExecutor.executeKeywordForPlatform(KeywordExecutor.groovy:74)
	at com.kms.katalon.core.webui.keyword.WebUiBuiltInKeywords.click(WebUiBuiltInKeywords.groovy:620)
	at com.kms.katalon.core.webui.keyword.WebUiBuiltInKeywords$click.call(Unknown Source)
	at OP Admin.run(OP Admin:123)
	at com.kms.katalon.core.main.ScriptEngine.run(ScriptEngine.java:194)
	at com.kms.katalon.core.main.ScriptEngine.runScriptAsRawText(ScriptEngine.java:119)
	at com.kms.katalon.core.main.TestCaseExecutor.runScript(TestCaseExecutor.java:430)
	at com.kms.katalon.core.main.TestCaseExecutor.doExecute(TestCaseExecutor.java:421)
	at com.kms.katalon.core.main.TestCaseExecutor.processExecutionPhase(TestCaseExecutor.java:400)
	at com.kms.katalon.core.main.TestCaseExecutor.accessMainPhase(TestCaseExecutor.java:392)
	at com.kms.katalon.core.main.TestCaseExecutor.execute(TestCaseExecutor.java:273)
	at com.kms.katalon.core.main.TestCaseExecutor.execute(TestCaseExecutor.java:351)
	at com.kms.katalon.core.main.TestCaseExecutor.execute(TestCaseExecutor.java:351)
	at com.kms.katalon.core.main.TestCaseExecutor.execute(TestCaseExecutor.java:351)
	at com.kms.katalon.core.main.TestSuiteExecutor.accessTestCaseMainPhase(TestSuiteExecutor.java:202)
	at com.kms.katalon.core.main.TestSuiteExecutor.accessTestSuiteMainPhase(TestSuiteExecutor.java:164)
	at com.kms.katalon.core.main.TestSuiteExecutor.execute(TestSuiteExecutor.java:105)
	at com.kms.katalon.core.main.TestCaseMain.startTestSuite(TestCaseMain.java:185)
	at com.kms.katalon.core.main.TestCaseMain$startTestSuite$0.call(Unknown Source)
	at TempTestSuite1629877330532.run(TempTestSuite1629877330532.groovy:36)
Caused by: org.openqa.selenium.ElementClickInterceptedException: element click intercepted: Element <button _ngcontent-c13="" class="schedule-add-button btn btn-primary pull-right ng-star-inserted">...</button> is not clickable at point (1205, 176). Other element would receive the click: <div class="cdk-overlay-backdrop cdk-overlay-dark-backdrop cdk-overlay-backdrop-showing"></div>
  (Session info: chrome=92.0.4515.159)
Build info: version: '3.141.59', revision: 'e82be7d358', time: '2018-11-14T08:25:53'
System info: host: 'N0101-7182-IQC', ip: '10.1.189.73', os.name: 'Windows 10', os.arch: 'amd64', os.version: '10.0', java.version: '1.8.0_282'
Driver info: com.kms.katalon.core.webui.driver.ExistingRemoteWebDriver
Capabilities {javascriptEnabled: true, platform: ANY, platformName: ANY}
Session ID: 27cdefe6fc78ef5835434e3ddcbfbc02
	at org.openqa.selenium.remote.http.W3CHttpResponseCodec.createException(W3CHttpResponseCodec.java:187)
	at org.openqa.selenium.remote.http.W3CHttpResponseCodec.decode(W3CHttpResponseCodec.java:122)
	at org.openqa.selenium.remote.http.W3CHttpResponseCodec.decode(W3CHttpResponseCodec.java:49)
	at org.openqa.selenium.remote.HttpCommandExecutor.execute(HttpCommandExecutor.java:158)
	at org.openqa.selenium.remote.RemoteWebDriver.execute(RemoteWebDriver.java:552)
	at com.kms.katalon.core.webui.driver.ExistingRemoteWebDriver.execute(ExistingRemoteWebDriver.java:108)
	at org.openqa.selenium.remote.RemoteWebElement.execute(RemoteWebElement.java:285)
	at org.openqa.selenium.remote.RemoteWebElement.click(RemoteWebElement.java:84)
	at org.openqa.selenium.support.events.EventFiringWebDriver$EventFiringWebElement.lambda$new$0(EventFiringWebDriver.java:404)
	at com.sun.proxy.$Proxy11.click(Unknown Source)
	at org.openqa.selenium.support.events.EventFiringWebDriver$EventFiringWebElement.click(EventFiringWebDriver.java:417)
	at com.kms.katalon.core.webui.keyword.builtin.ClickKeyword$_click_closure1.doCall(ClickKeyword.groovy:68)
	at com.kms.katalon.core.webui.keyword.builtin.ClickKeyword$_click_closure1.call(ClickKeyword.groovy)
	at com.kms.katalon.core.webui.keyword.internal.WebUIKeywordMain.runKeyword(WebUIKeywordMain.groovy:20)
	at com.kms.katalon.core.webui.keyword.builtin.ClickKeyword.click(ClickKeyword.groovy:75)
	at com.kms.katalon.core.webui.keyword.builtin.ClickKeyword.execute(ClickKeyword.groovy:42)
	at com.kms.katalon.core.keyword.internal.KeywordExecutor.executeKeywordForPlatform(KeywordExecutor.groovy:74)
	at com.kms.katalon.core.webui.keyword.WebUiBuiltInKeywords.click(WebUiBuiltInKeywords.groovy:620)
	at com.kms.katalon.core.webui.keyword.WebUiBuiltInKeywords$click.call(Unknown Source)
	at Script1629776092214.run(Script1629776092214.groovy:123)
	... 16 more
)
[[ATTACHMENT|D:\\MySiloam\\Reports\\20210825_144210\\Pre-regist\\20210825_144210\\1629877366507.png]]]]></system-out>
         <system-err><![CDATA[2021-08-25 14:42:42 - [TEST_CASE][FAILED] - Test Cases/Pre-regist Covid/OP Admin: Test Cases/Pre-regist Covid/OP Admin FAILED.
Reason:
com.kms.katalon.core.exception.StepFailedException: Unable to click on object 'Object Repository/Pre-regist Covid/OP Admin/MySiloam OPD Administrator/button_Add Schedule'
	at com.kms.katalon.core.webui.keyword.internal.WebUIKeywordMain.stepFailed(WebUIKeywordMain.groovy:64)
	at com.kms.katalon.core.webui.keyword.internal.WebUIKeywordMain.runKeyword(WebUIKeywordMain.groovy:26)
	at com.kms.katalon.core.webui.keyword.builtin.ClickKeyword.click(ClickKeyword.groovy:75)
	at com.kms.katalon.core.webui.keyword.builtin.ClickKeyword.execute(ClickKeyword.groovy:42)
	at com.kms.katalon.core.keyword.internal.KeywordExecutor.executeKeywordForPlatform(KeywordExecutor.groovy:74)
	at com.kms.katalon.core.webui.keyword.WebUiBuiltInKeywords.click(WebUiBuiltInKeywords.groovy:620)
	at com.kms.katalon.core.webui.keyword.WebUiBuiltInKeywords$click.call(Unknown Source)
	at OP Admin.run(OP Admin:123)
	at com.kms.katalon.core.main.ScriptEngine.run(ScriptEngine.java:194)
	at com.kms.katalon.core.main.ScriptEngine.runScriptAsRawText(ScriptEngine.java:119)
	at com.kms.katalon.core.main.TestCaseExecutor.runScript(TestCaseExecutor.java:430)
	at com.kms.katalon.core.main.TestCaseExecutor.doExecute(TestCaseExecutor.java:421)
	at com.kms.katalon.core.main.TestCaseExecutor.processExecutionPhase(TestCaseExecutor.java:400)
	at com.kms.katalon.core.main.TestCaseExecutor.accessMainPhase(TestCaseExecutor.java:392)
	at com.kms.katalon.core.main.TestCaseExecutor.execute(TestCaseExecutor.java:273)
	at com.kms.katalon.core.main.TestCaseExecutor.execute(TestCaseExecutor.java:351)
	at com.kms.katalon.core.main.TestCaseExecutor.execute(TestCaseExecutor.java:351)
	at com.kms.katalon.core.main.TestCaseExecutor.execute(TestCaseExecutor.java:351)
	at com.kms.katalon.core.main.TestSuiteExecutor.accessTestCaseMainPhase(TestSuiteExecutor.java:202)
	at com.kms.katalon.core.main.TestSuiteExecutor.accessTestSuiteMainPhase(TestSuiteExecutor.java:164)
	at com.kms.katalon.core.main.TestSuiteExecutor.execute(TestSuiteExecutor.java:105)
	at com.kms.katalon.core.main.TestCaseMain.startTestSuite(TestCaseMain.java:185)
	at com.kms.katalon.core.main.TestCaseMain$startTestSuite$0.call(Unknown Source)
	at TempTestSuite1629877330532.run(TempTestSuite1629877330532.groovy:36)
Caused by: org.openqa.selenium.ElementClickInterceptedException: element click intercepted: Element <button _ngcontent-c13="" class="schedule-add-button btn btn-primary pull-right ng-star-inserted">...</button> is not clickable at point (1205, 176). Other element would receive the click: <div class="cdk-overlay-backdrop cdk-overlay-dark-backdrop cdk-overlay-backdrop-showing"></div>
  (Session info: chrome=92.0.4515.159)
Build info: version: '3.141.59', revision: 'e82be7d358', time: '2018-11-14T08:25:53'
System info: host: 'N0101-7182-IQC', ip: '10.1.189.73', os.name: 'Windows 10', os.arch: 'amd64', os.version: '10.0', java.version: '1.8.0_282'
Driver info: com.kms.katalon.core.webui.driver.ExistingRemoteWebDriver
Capabilities {javascriptEnabled: true, platform: ANY, platformName: ANY}
Session ID: 27cdefe6fc78ef5835434e3ddcbfbc02
	at org.openqa.selenium.remote.http.W3CHttpResponseCodec.createException(W3CHttpResponseCodec.java:187)
	at org.openqa.selenium.remote.http.W3CHttpResponseCodec.decode(W3CHttpResponseCodec.java:122)
	at org.openqa.selenium.remote.http.W3CHttpResponseCodec.decode(W3CHttpResponseCodec.java:49)
	at org.openqa.selenium.remote.HttpCommandExecutor.execute(HttpCommandExecutor.java:158)
	at org.openqa.selenium.remote.RemoteWebDriver.execute(RemoteWebDriver.java:552)
	at com.kms.katalon.core.webui.driver.ExistingRemoteWebDriver.execute(ExistingRemoteWebDriver.java:108)
	at org.openqa.selenium.remote.RemoteWebElement.execute(RemoteWebElement.java:285)
	at org.openqa.selenium.remote.RemoteWebElement.click(RemoteWebElement.java:84)
	at org.openqa.selenium.support.events.EventFiringWebDriver$EventFiringWebElement.lambda$new$0(EventFiringWebDriver.java:404)
	at com.sun.proxy.$Proxy11.click(Unknown Source)
	at org.openqa.selenium.support.events.EventFiringWebDriver$EventFiringWebElement.click(EventFiringWebDriver.java:417)
	at com.kms.katalon.core.webui.keyword.builtin.ClickKeyword$_click_closure1.doCall(ClickKeyword.groovy:68)
	at com.kms.katalon.core.webui.keyword.builtin.ClickKeyword$_click_closure1.call(ClickKeyword.groovy)
	at com.kms.katalon.core.webui.keyword.internal.WebUIKeywordMain.runKeyword(WebUIKeywordMain.groovy:20)
	... 22 more]]></system-err>
      </testcase>
      <system-out><![CDATA[2021-08-25 14:42:23 - [TEST_SUITE][FAILED] - Pre-regist: Test Cases/Pre-regist Covid/OP Admin FAILED.
Reason:
com.kms.katalon.core.exception.StepFailedException: Unable to click on object 'Object Repository/Pre-regist Covid/OP Admin/MySiloam OPD Administrator/button_Add Schedule'
	at com.kms.katalon.core.webui.keyword.internal.WebUIKeywordMain.stepFailed(WebUIKeywordMain.groovy:64)
	at com.kms.katalon.core.webui.keyword.internal.WebUIKeywordMain.runKeyword(WebUIKeywordMain.groovy:26)
	at com.kms.katalon.core.webui.keyword.builtin.ClickKeyword.click(ClickKeyword.groovy:75)
	at com.kms.katalon.core.webui.keyword.builtin.ClickKeyword.execute(ClickKeyword.groovy:42)
	at com.kms.katalon.core.keyword.internal.KeywordExecutor.executeKeywordForPlatform(KeywordExecutor.groovy:74)
	at com.kms.katalon.core.webui.keyword.WebUiBuiltInKeywords.click(WebUiBuiltInKeywords.groovy:620)
	at com.kms.katalon.core.webui.keyword.WebUiBuiltInKeywords$click.call(Unknown Source)
	at OP Admin.run(OP Admin:123)
	at com.kms.katalon.core.main.ScriptEngine.run(ScriptEngine.java:194)
	at com.kms.katalon.core.main.ScriptEngine.runScriptAsRawText(ScriptEngine.java:119)
	at com.kms.katalon.core.main.TestCaseExecutor.runScript(TestCaseExecutor.java:430)
	at com.kms.katalon.core.main.TestCaseExecutor.doExecute(TestCaseExecutor.java:421)
	at com.kms.katalon.core.main.TestCaseExecutor.processExecutionPhase(TestCaseExecutor.java:400)
	at com.kms.katalon.core.main.TestCaseExecutor.accessMainPhase(TestCaseExecutor.java:392)
	at com.kms.katalon.core.main.TestCaseExecutor.execute(TestCaseExecutor.java:273)
	at com.kms.katalon.core.main.TestSuiteExecutor.accessTestCaseMainPhase(TestSuiteExecutor.java:202)
	at com.kms.katalon.core.main.TestSuiteExecutor.accessTestSuiteMainPhase(TestSuiteExecutor.java:164)
	at com.kms.katalon.core.main.TestSuiteExecutor.execute(TestSuiteExecutor.java:105)
	at com.kms.katalon.core.main.TestCaseMain.startTestSuite(TestCaseMain.java:185)
	at com.kms.katalon.core.main.TestCaseMain$startTestSuite$0.call(Unknown Source)
	at TempTestSuite1629877330532.run(TempTestSuite1629877330532.groovy:36)
Caused by: org.openqa.selenium.ElementClickInterceptedException: element click intercepted: Element <button _ngcontent-c13="" class="schedule-add-button btn btn-primary pull-right ng-star-inserted">...</button> is not clickable at point (1205, 176). Other element would receive the click: <div class="cdk-overlay-backdrop cdk-overlay-dark-backdrop cdk-overlay-backdrop-showing"></div>
  (Session info: chrome=92.0.4515.159)
Build info: version: '3.141.59', revision: 'e82be7d358', time: '2018-11-14T08:25:53'
System info: host: 'N0101-7182-IQC', ip: '10.1.189.73', os.name: 'Windows 10', os.arch: 'amd64', os.version: '10.0', java.version: '1.8.0_282'
Driver info: com.kms.katalon.core.webui.driver.ExistingRemoteWebDriver
Capabilities {javascriptEnabled: true, platform: ANY, platformName: ANY}
Session ID: 27cdefe6fc78ef5835434e3ddcbfbc02
	at org.openqa.selenium.remote.http.W3CHttpResponseCodec.createException(W3CHttpResponseCodec.java:187)
	at org.openqa.selenium.remote.http.W3CHttpResponseCodec.decode(W3CHttpResponseCodec.java:122)
	at org.openqa.selenium.remote.http.W3CHttpResponseCodec.decode(W3CHttpResponseCodec.java:49)
	at org.openqa.selenium.remote.HttpCommandExecutor.execute(HttpCommandExecutor.java:158)
	at org.openqa.selenium.remote.RemoteWebDriver.execute(RemoteWebDriver.java:552)
	at com.kms.katalon.core.webui.driver.ExistingRemoteWebDriver.execute(ExistingRemoteWebDriver.java:108)
	at org.openqa.selenium.remote.RemoteWebElement.execute(RemoteWebElement.java:285)
	at org.openqa.selenium.remote.RemoteWebElement.click(RemoteWebElement.java:84)
	at org.openqa.selenium.support.events.EventFiringWebDriver$EventFiringWebElement.lambda$new$0(EventFiringWebDriver.java:404)
	at com.sun.proxy.$Proxy11.click(Unknown Source)
	at org.openqa.selenium.support.events.EventFiringWebDriver$EventFiringWebElement.click(EventFiringWebDriver.java:417)
	at com.kms.katalon.core.webui.keyword.builtin.ClickKeyword$_click_closure1.doCall(ClickKeyword.groovy:68)
	at com.kms.katalon.core.webui.keyword.builtin.ClickKeyword$_click_closure1.call(ClickKeyword.groovy)
	at com.kms.katalon.core.webui.keyword.internal.WebUIKeywordMain.runKeyword(WebUIKeywordMain.groovy:20)
	... 19 more]]></system-out>
      <system-err><![CDATA[2021-08-25 14:42:23 - [TEST_SUITE][FAILED] - Pre-regist: Test Cases/Pre-regist Covid/OP Admin FAILED.
Reason:
com.kms.katalon.core.exception.StepFailedException: Unable to click on object 'Object Repository/Pre-regist Covid/OP Admin/MySiloam OPD Administrator/button_Add Schedule'
	at com.kms.katalon.core.webui.keyword.internal.WebUIKeywordMain.stepFailed(WebUIKeywordMain.groovy:64)
	at com.kms.katalon.core.webui.keyword.internal.WebUIKeywordMain.runKeyword(WebUIKeywordMain.groovy:26)
	at com.kms.katalon.core.webui.keyword.builtin.ClickKeyword.click(ClickKeyword.groovy:75)
	at com.kms.katalon.core.webui.keyword.builtin.ClickKeyword.execute(ClickKeyword.groovy:42)
	at com.kms.katalon.core.keyword.internal.KeywordExecutor.executeKeywordForPlatform(KeywordExecutor.groovy:74)
	at com.kms.katalon.core.webui.keyword.WebUiBuiltInKeywords.click(WebUiBuiltInKeywords.groovy:620)
	at com.kms.katalon.core.webui.keyword.WebUiBuiltInKeywords$click.call(Unknown Source)
	at OP Admin.run(OP Admin:123)
	at com.kms.katalon.core.main.ScriptEngine.run(ScriptEngine.java:194)
	at com.kms.katalon.core.main.ScriptEngine.runScriptAsRawText(ScriptEngine.java:119)
	at com.kms.katalon.core.main.TestCaseExecutor.runScript(TestCaseExecutor.java:430)
	at com.kms.katalon.core.main.TestCaseExecutor.doExecute(TestCaseExecutor.java:421)
	at com.kms.katalon.core.main.TestCaseExecutor.processExecutionPhase(TestCaseExecutor.java:400)
	at com.kms.katalon.core.main.TestCaseExecutor.accessMainPhase(TestCaseExecutor.java:392)
	at com.kms.katalon.core.main.TestCaseExecutor.execute(TestCaseExecutor.java:273)
	at com.kms.katalon.core.main.TestSuiteExecutor.accessTestCaseMainPhase(TestSuiteExecutor.java:202)
	at com.kms.katalon.core.main.TestSuiteExecutor.accessTestSuiteMainPhase(TestSuiteExecutor.java:164)
	at com.kms.katalon.core.main.TestSuiteExecutor.execute(TestSuiteExecutor.java:105)
	at com.kms.katalon.core.main.TestCaseMain.startTestSuite(TestCaseMain.java:185)
	at com.kms.katalon.core.main.TestCaseMain$startTestSuite$0.call(Unknown Source)
	at TempTestSuite1629877330532.run(TempTestSuite1629877330532.groovy:36)
Caused by: org.openqa.selenium.ElementClickInterceptedException: element click intercepted: Element <button _ngcontent-c13="" class="schedule-add-button btn btn-primary pull-right ng-star-inserted">...</button> is not clickable at point (1205, 176). Other element would receive the click: <div class="cdk-overlay-backdrop cdk-overlay-dark-backdrop cdk-overlay-backdrop-showing"></div>
  (Session info: chrome=92.0.4515.159)
Build info: version: '3.141.59', revision: 'e82be7d358', time: '2018-11-14T08:25:53'
System info: host: 'N0101-7182-IQC', ip: '10.1.189.73', os.name: 'Windows 10', os.arch: 'amd64', os.version: '10.0', java.version: '1.8.0_282'
Driver info: com.kms.katalon.core.webui.driver.ExistingRemoteWebDriver
Capabilities {javascriptEnabled: true, platform: ANY, platformName: ANY}
Session ID: 27cdefe6fc78ef5835434e3ddcbfbc02
	at org.openqa.selenium.remote.http.W3CHttpResponseCodec.createException(W3CHttpResponseCodec.java:187)
	at org.openqa.selenium.remote.http.W3CHttpResponseCodec.decode(W3CHttpResponseCodec.java:122)
	at org.openqa.selenium.remote.http.W3CHttpResponseCodec.decode(W3CHttpResponseCodec.java:49)
	at org.openqa.selenium.remote.HttpCommandExecutor.execute(HttpCommandExecutor.java:158)
	at org.openqa.selenium.remote.RemoteWebDriver.execute(RemoteWebDriver.java:552)
	at com.kms.katalon.core.webui.driver.ExistingRemoteWebDriver.execute(ExistingRemoteWebDriver.java:108)
	at org.openqa.selenium.remote.RemoteWebElement.execute(RemoteWebElement.java:285)
	at org.openqa.selenium.remote.RemoteWebElement.click(RemoteWebElement.java:84)
	at org.openqa.selenium.support.events.EventFiringWebDriver$EventFiringWebElement.lambda$new$0(EventFiringWebDriver.java:404)
	at com.sun.proxy.$Proxy11.click(Unknown Source)
	at org.openqa.selenium.support.events.EventFiringWebDriver$EventFiringWebElement.click(EventFiringWebDriver.java:417)
	at com.kms.katalon.core.webui.keyword.builtin.ClickKeyword$_click_closure1.doCall(ClickKeyword.groovy:68)
	at com.kms.katalon.core.webui.keyword.builtin.ClickKeyword$_click_closure1.call(ClickKeyword.groovy)
	at com.kms.katalon.core.webui.keyword.internal.WebUIKeywordMain.runKeyword(WebUIKeywordMain.groovy:20)
	... 19 more]]></system-err>
   </testsuite>
</testsuites>
