<?xml version="1.0" encoding="UTF-8"?>
<testsuites name="Pre-regist" time="3.102" tests="1" failures="0" errors="1">
   <testsuite name="Pre-regist" tests="1" failures="0" errors="1" time="3.102" skipped="0" timestamp="2021-08-24 16:29:07" hostname="15997182 - N0101-7182-IQC.muf.co.id" id="Test Suites/Pre-regist">
      <properties>
         <property name="deviceName" value=""/>
         <property name="devicePlatform" value=""/>
         <property name="logFolder" value="D:\\MySiloam\\Reports\\20210824_162855\\Pre-regist\\20210824_162855"/>
         <property name="logFiles" value="D:\\MySiloam\\Reports\\20210824_162855\\Pre-regist\\20210824_162855\\execution0.log"/>
         <property name="attachments" value=""/>
         <property name="hostName" value="15997182 - N0101-7182-IQC.muf.co.id"/>
         <property name="hostAddress" value="10.1.189.159"/>
         <property name="os" value="Windows 10 64bit"/>
         <property name="katalonVersion" value="8.1.0.208"/>
      </properties>
      <testcase name="Test Cases/Pre-regist Covid/OP Admin" time="0.314" classname="Test Cases/Pre-regist Covid/OP Admin" status="ERROR">
         <error type="ERROR" message="Test Cases/Pre-regist Covid/OP Admin FAILED.
Reason:
org.codehaus.groovy.control.MultipleCompilationErrorsException: startup failed:
file:/D:/MySiloam/Scripts/Pre-regist%20Covid/OP%20Admin/Script1629776092214.groovy: 54: unable to resolve class Group 
 @ line 54, column 109.
   nistrator/group-name'), Group Name)
                                 ^

file:/D:/MySiloam/Scripts/Pre-regist%20Covid/OP%20Admin/Script1629776092214.groovy: 57: unable to resolve class Group 
 @ line 57, column 11.
       Group Type, true)
             ^

2 errors

	at com.kms.katalon.core.main.ScriptEngine.getScript(ScriptEngine.java:199)
	at com.kms.katalon.core.main.ScriptEngine.run(ScriptEngine.java:194)
	at com.kms.katalon.core.main.ScriptEngine.runScriptAsRawText(ScriptEngine.java:119)
	at com.kms.katalon.core.main.TestCaseExecutor.runScript(TestCaseExecutor.java:430)
	at com.kms.katalon.core.main.TestCaseExecutor.doExecute(TestCaseExecutor.java:421)
	at com.kms.katalon.core.main.TestCaseExecutor.processExecutionPhase(TestCaseExecutor.java:400)
	at com.kms.katalon.core.main.TestCaseExecutor.accessMainPhase(TestCaseExecutor.java:392)
	at com.kms.katalon.core.main.TestCaseExecutor.execute(TestCaseExecutor.java:273)
	at com.kms.katalon.core.main.TestCaseExecutor.execute(TestCaseExecutor.java:351)
	at com.kms.katalon.core.main.TestCaseExecutor.execute(TestCaseExecutor.java:351)
	at com.kms.katalon.core.main.TestCaseExecutor.execute(TestCaseExecutor.java:351)
	at com.kms.katalon.core.main.TestSuiteExecutor.accessTestCaseMainPhase(TestSuiteExecutor.java:202)
	at com.kms.katalon.core.main.TestSuiteExecutor.accessTestSuiteMainPhase(TestSuiteExecutor.java:164)
	at com.kms.katalon.core.main.TestSuiteExecutor.execute(TestSuiteExecutor.java:105)
	at com.kms.katalon.core.main.TestCaseMain.startTestSuite(TestCaseMain.java:185)
	at com.kms.katalon.core.main.TestCaseMain$startTestSuite$0.call(Unknown Source)
	at TempTestSuite1629797335732.run(TempTestSuite1629797335732.groovy:36)
"/>
         <system-out><![CDATA[2021-08-24 16:29:10 - [TEST_CASE][ERROR] - Test Cases/Pre-regist Covid/OP Admin: Test Cases/Pre-regist Covid/OP Admin FAILED.
Reason:
org.codehaus.groovy.control.MultipleCompilationErrorsException: startup failed:
file:/D:/MySiloam/Scripts/Pre-regist%20Covid/OP%20Admin/Script1629776092214.groovy: 54: unable to resolve class Group 
 @ line 54, column 109.
   nistrator/group-name'), Group Name)
                                 ^

file:/D:/MySiloam/Scripts/Pre-regist%20Covid/OP%20Admin/Script1629776092214.groovy: 57: unable to resolve class Group 
 @ line 57, column 11.
       Group Type, true)
             ^

2 errors

	at com.kms.katalon.core.main.ScriptEngine.getScript(ScriptEngine.java:199)
	at com.kms.katalon.core.main.ScriptEngine.run(ScriptEngine.java:194)
	at com.kms.katalon.core.main.ScriptEngine.runScriptAsRawText(ScriptEngine.java:119)
	at com.kms.katalon.core.main.TestCaseExecutor.runScript(TestCaseExecutor.java:430)
	at com.kms.katalon.core.main.TestCaseExecutor.doExecute(TestCaseExecutor.java:421)
	at com.kms.katalon.core.main.TestCaseExecutor.processExecutionPhase(TestCaseExecutor.java:400)
	at com.kms.katalon.core.main.TestCaseExecutor.accessMainPhase(TestCaseExecutor.java:392)
	at com.kms.katalon.core.main.TestCaseExecutor.execute(TestCaseExecutor.java:273)
	at com.kms.katalon.core.main.TestCaseExecutor.execute(TestCaseExecutor.java:351)
	at com.kms.katalon.core.main.TestCaseExecutor.execute(TestCaseExecutor.java:351)
	at com.kms.katalon.core.main.TestCaseExecutor.execute(TestCaseExecutor.java:351)
	at com.kms.katalon.core.main.TestSuiteExecutor.accessTestCaseMainPhase(TestSuiteExecutor.java:202)
	at com.kms.katalon.core.main.TestSuiteExecutor.accessTestSuiteMainPhase(TestSuiteExecutor.java:164)
	at com.kms.katalon.core.main.TestSuiteExecutor.execute(TestSuiteExecutor.java:105)
	at com.kms.katalon.core.main.TestCaseMain.startTestSuite(TestCaseMain.java:185)
	at com.kms.katalon.core.main.TestCaseMain$startTestSuite$0.call(Unknown Source)
	at TempTestSuite1629797335732.run(TempTestSuite1629797335732.groovy:36)]]></system-out>
         <system-err><![CDATA[2021-08-24 16:29:10 - [TEST_CASE][ERROR] - Test Cases/Pre-regist Covid/OP Admin: Test Cases/Pre-regist Covid/OP Admin FAILED.
Reason:
org.codehaus.groovy.control.MultipleCompilationErrorsException: startup failed:
file:/D:/MySiloam/Scripts/Pre-regist%20Covid/OP%20Admin/Script1629776092214.groovy: 54: unable to resolve class Group 
 @ line 54, column 109.
   nistrator/group-name'), Group Name)
                                 ^

file:/D:/MySiloam/Scripts/Pre-regist%20Covid/OP%20Admin/Script1629776092214.groovy: 57: unable to resolve class Group 
 @ line 57, column 11.
       Group Type, true)
             ^

2 errors

	at com.kms.katalon.core.main.ScriptEngine.getScript(ScriptEngine.java:199)
	at com.kms.katalon.core.main.ScriptEngine.run(ScriptEngine.java:194)
	at com.kms.katalon.core.main.ScriptEngine.runScriptAsRawText(ScriptEngine.java:119)
	at com.kms.katalon.core.main.TestCaseExecutor.runScript(TestCaseExecutor.java:430)
	at com.kms.katalon.core.main.TestCaseExecutor.doExecute(TestCaseExecutor.java:421)
	at com.kms.katalon.core.main.TestCaseExecutor.processExecutionPhase(TestCaseExecutor.java:400)
	at com.kms.katalon.core.main.TestCaseExecutor.accessMainPhase(TestCaseExecutor.java:392)
	at com.kms.katalon.core.main.TestCaseExecutor.execute(TestCaseExecutor.java:273)
	at com.kms.katalon.core.main.TestCaseExecutor.execute(TestCaseExecutor.java:351)
	at com.kms.katalon.core.main.TestCaseExecutor.execute(TestCaseExecutor.java:351)
	at com.kms.katalon.core.main.TestCaseExecutor.execute(TestCaseExecutor.java:351)
	at com.kms.katalon.core.main.TestSuiteExecutor.accessTestCaseMainPhase(TestSuiteExecutor.java:202)
	at com.kms.katalon.core.main.TestSuiteExecutor.accessTestSuiteMainPhase(TestSuiteExecutor.java:164)
	at com.kms.katalon.core.main.TestSuiteExecutor.execute(TestSuiteExecutor.java:105)
	at com.kms.katalon.core.main.TestCaseMain.startTestSuite(TestCaseMain.java:185)
	at com.kms.katalon.core.main.TestCaseMain$startTestSuite$0.call(Unknown Source)
	at TempTestSuite1629797335732.run(TempTestSuite1629797335732.groovy:36)]]></system-err>
      </testcase>
      <system-out><![CDATA[2021-08-24 16:29:07 - [TEST_SUITE][ERROR] - Pre-regist: Test Cases/Pre-regist Covid/OP Admin FAILED.
Reason:
org.codehaus.groovy.control.MultipleCompilationErrorsException: startup failed:
file:/D:/MySiloam/Scripts/Pre-regist%20Covid/OP%20Admin/Script1629776092214.groovy: 54: unable to resolve class Group 
 @ line 54, column 109.
   nistrator/group-name'), Group Name)
                                 ^

file:/D:/MySiloam/Scripts/Pre-regist%20Covid/OP%20Admin/Script1629776092214.groovy: 57: unable to resolve class Group 
 @ line 57, column 11.
       Group Type, true)
             ^

2 errors

	at com.kms.katalon.core.main.ScriptEngine.getScript(ScriptEngine.java:199)
	at com.kms.katalon.core.main.ScriptEngine.run(ScriptEngine.java:194)
	at com.kms.katalon.core.main.ScriptEngine.runScriptAsRawText(ScriptEngine.java:119)
	at com.kms.katalon.core.main.TestCaseExecutor.runScript(TestCaseExecutor.java:430)
	at com.kms.katalon.core.main.TestCaseExecutor.doExecute(TestCaseExecutor.java:421)
	at com.kms.katalon.core.main.TestCaseExecutor.processExecutionPhase(TestCaseExecutor.java:400)
	at com.kms.katalon.core.main.TestCaseExecutor.accessMainPhase(TestCaseExecutor.java:392)
	at com.kms.katalon.core.main.TestCaseExecutor.execute(TestCaseExecutor.java:273)
	at com.kms.katalon.core.main.TestSuiteExecutor.accessTestCaseMainPhase(TestSuiteExecutor.java:202)
	at com.kms.katalon.core.main.TestSuiteExecutor.accessTestSuiteMainPhase(TestSuiteExecutor.java:164)
	at com.kms.katalon.core.main.TestSuiteExecutor.execute(TestSuiteExecutor.java:105)
	at com.kms.katalon.core.main.TestCaseMain.startTestSuite(TestCaseMain.java:185)
	at com.kms.katalon.core.main.TestCaseMain$startTestSuite$0.call(Unknown Source)
	at TempTestSuite1629797335732.run(TempTestSuite1629797335732.groovy:36)]]></system-out>
      <system-err><![CDATA[2021-08-24 16:29:07 - [TEST_SUITE][ERROR] - Pre-regist: Test Cases/Pre-regist Covid/OP Admin FAILED.
Reason:
org.codehaus.groovy.control.MultipleCompilationErrorsException: startup failed:
file:/D:/MySiloam/Scripts/Pre-regist%20Covid/OP%20Admin/Script1629776092214.groovy: 54: unable to resolve class Group 
 @ line 54, column 109.
   nistrator/group-name'), Group Name)
                                 ^

file:/D:/MySiloam/Scripts/Pre-regist%20Covid/OP%20Admin/Script1629776092214.groovy: 57: unable to resolve class Group 
 @ line 57, column 11.
       Group Type, true)
             ^

2 errors

	at com.kms.katalon.core.main.ScriptEngine.getScript(ScriptEngine.java:199)
	at com.kms.katalon.core.main.ScriptEngine.run(ScriptEngine.java:194)
	at com.kms.katalon.core.main.ScriptEngine.runScriptAsRawText(ScriptEngine.java:119)
	at com.kms.katalon.core.main.TestCaseExecutor.runScript(TestCaseExecutor.java:430)
	at com.kms.katalon.core.main.TestCaseExecutor.doExecute(TestCaseExecutor.java:421)
	at com.kms.katalon.core.main.TestCaseExecutor.processExecutionPhase(TestCaseExecutor.java:400)
	at com.kms.katalon.core.main.TestCaseExecutor.accessMainPhase(TestCaseExecutor.java:392)
	at com.kms.katalon.core.main.TestCaseExecutor.execute(TestCaseExecutor.java:273)
	at com.kms.katalon.core.main.TestSuiteExecutor.accessTestCaseMainPhase(TestSuiteExecutor.java:202)
	at com.kms.katalon.core.main.TestSuiteExecutor.accessTestSuiteMainPhase(TestSuiteExecutor.java:164)
	at com.kms.katalon.core.main.TestSuiteExecutor.execute(TestSuiteExecutor.java:105)
	at com.kms.katalon.core.main.TestCaseMain.startTestSuite(TestCaseMain.java:185)
	at com.kms.katalon.core.main.TestCaseMain$startTestSuite$0.call(Unknown Source)
	at TempTestSuite1629797335732.run(TempTestSuite1629797335732.groovy:36)]]></system-err>
   </testsuite>
</testsuites>
