<?xml version="1.0" encoding="UTF-8"?>
<testsuites name="Pre-regist OPD" time="113.716" tests="1" failures="0" errors="0">
   <testsuite name="Pre-regist OPD" tests="1" failures="0" errors="0" time="113.716" skipped="0" timestamp="2021-09-01 15:24:57" hostname="rezaa - LAPTOP-L0M8DJBN.local" id="Test Suites/Run Pre-regist OPD/Pre-regist OPD">
      <properties>
         <property name="deviceName" value=""/>
         <property name="devicePlatform" value=""/>
         <property name="logFolder" value="D:\\MySiloam\\Reports\\20210901_152441\\Run Pre-regist OPD\\Pre-regist OPD\\20210901_152441"/>
         <property name="logFiles" value="D:\\MySiloam\\Reports\\20210901_152441\\Run Pre-regist OPD\\Pre-regist OPD\\20210901_152441\\execution0.log"/>
         <property name="attachments" value="D:\\MySiloam\\Reports\\20210901_152441\\Run Pre-regist OPD\\Pre-regist OPD\\20210901_152441\\1630484727854.png"/>
         <property name="hostName" value="rezaa - LAPTOP-L0M8DJBN.local"/>
         <property name="os" value="Windows 10 64bit"/>
         <property name="katalonVersion" value="8.1.0.208"/>
         <property name="browser" value="Chrome 92.0.4515.159"/>
         <property name="hostAddress" value="192.168.1.8"/>
         <property name="sessionId" value="b020182a4a4407484a039a0b1550db5a"/>
         <property name="seleniumVersion" value="3.141.59"/>
         <property name="proxyInformation" value="ProxyInformation { proxyOption=NO_PROXY, proxyServerType=HTTP, username=, password=********, proxyServerAddress=, proxyServerPort=0, executionList=&quot;&quot;, isApplyToDesiredCapabilities=true }"/>
         <property name="platform" value="Windows 10"/>
      </properties>
      <testcase name="Test Cases/Pre-regis OPD/appointment microsite" time="81.795" classname="Test Cases/Pre-regis OPD/appointment microsite" status="PASSED">
         <system-out><![CDATA[2021-09-01 15:25:28 - [TEST_CASE][PASSED] - Test Cases/Pre-regis OPD/appointment microsite: Test Cases/Pre-regis OPD/appointment microsite

2021-09-01 15:25:28 - [TEST_STEP][PASSED] - openBrowser(""): Browser is opened with url: ''

2021-09-01 15:25:28 - [MESSAGE][WARNING] - A browser is already opened. Closing browser and opening a new one

2021-09-01 15:25:28 - [MESSAGE][INFO] - Starting 'Chrome' driver

2021-09-01 15:25:28 - [MESSAGE][INFO] - Action delay is set to 0 milliseconds

2021-09-01 15:25:29 - [MESSAGE][PASSED] - Browser is opened with url: ''

2021-09-01 15:25:29 - [TEST_STEP][PASSED] - navigateToUrl("http://10.85.139.12/appointment-microsite/"): Navigate to 'http://10.85.139.12/appointment-microsite/' successfully

2021-09-01 15:25:33 - [MESSAGE][PASSED] - Navigate to 'http://10.85.139.12/appointment-microsite/' successfully

2021-09-01 15:25:33 - [TEST_STEP][PASSED] - maximizeWindow(): Current window maximized

2021-09-01 15:25:33 - [MESSAGE][PASSED] - Current window maximized

2021-09-01 15:25:33 - [TEST_STEP][PASSED] - waitForPageLoad(120, STOP_ON_FAILURE): Wait for page load successfully

2021-09-01 15:25:33 - [MESSAGE][PASSED] - Wait for page load successfully

2021-09-01 15:25:33 - [TEST_STEP][PASSED] - delay(1): Delayed 1 second(s)

2021-09-01 15:25:34 - [MESSAGE][PASSED] - Delayed 1 second(s)

2021-09-01 15:25:34 - [TEST_STEP][PASSED] - click(findTestObject("Pre-regist OPD/Page_Buat Janji Dengan Dr. dr. John C. P. B_f26caf/Page_Cari Jadwal  Buat Janji dengan Dokter _791af4/input_Nama Dokter")): Object: 'Object Repository/Pre-regist OPD/Page_Buat Janji Dengan Dr. dr. John C. P. B_f26caf/Page_Cari Jadwal  Buat Janji dengan Dokter _791af4/input_Nama Dokter' is clicked on

2021-09-01 15:25:34 - [MESSAGE][PASSED] - Object: 'Object Repository/Pre-regist OPD/Page_Buat Janji Dengan Dr. dr. John C. P. B_f26caf/Page_Cari Jadwal  Buat Janji dengan Dokter _791af4/input_Nama Dokter' is clicked on

2021-09-01 15:25:34 - [TEST_STEP][PASSED] - setText(findTestObject("Pre-regist OPD/Page_Buat Janji Dengan Dr. dr. John C. P. B_f26caf/Page_Cari Jadwal  Buat Janji dengan Dokter _791af4/input_Nama Dokter"), NamaDokter): Text 'john c. p. butar' is set on object 'Object Repository/Pre-regist OPD/Page_Buat Janji Dengan Dr. dr. John C. P. B_f26caf/Page_Cari Jadwal  Buat Janji dengan Dokter _791af4/input_Nama Dokter'

2021-09-01 15:25:35 - [MESSAGE][PASSED] - Text 'john c. p. butar' is set on object 'Object Repository/Pre-regist OPD/Page_Buat Janji Dengan Dr. dr. John C. P. B_f26caf/Page_Cari Jadwal  Buat Janji dengan Dokter _791af4/input_Nama Dokter'

2021-09-01 15:25:35 - [TEST_STEP][PASSED] - delay(2): Delayed 2 second(s)

2021-09-01 15:25:37 - [MESSAGE][PASSED] - Delayed 2 second(s)

2021-09-01 15:25:37 - [TEST_STEP][PASSED] - click(findTestObject("Pre-regist OPD/Page_Buat Janji Dengan Dr. dr. John C. P. B_f26caf/Page_Cari Jadwal  Buat Janji dengan Dokter _791af4/klik nama dokter")): Object: 'Object Repository/Pre-regist OPD/Page_Buat Janji Dengan Dr. dr. John C. P. B_f26caf/Page_Cari Jadwal  Buat Janji dengan Dokter _791af4/klik nama dokter' is clicked on

2021-09-01 15:25:37 - [MESSAGE][PASSED] - Object: 'Object Repository/Pre-regist OPD/Page_Buat Janji Dengan Dr. dr. John C. P. B_f26caf/Page_Cari Jadwal  Buat Janji dengan Dokter _791af4/klik nama dokter' is clicked on

2021-09-01 15:25:37 - [TEST_STEP][PASSED] - delay(2): Delayed 2 second(s)

2021-09-01 15:25:39 - [MESSAGE][PASSED] - Delayed 2 second(s)

2021-09-01 15:25:39 - [TEST_STEP][PASSED] - click(findTestObject("Pre-regist OPD/Page_Buat Janji Dengan Dr. dr. John C. P. B_f26caf/Page_Cari Jadwal  Buat Janji dengan Dokter _791af4/button_Cari")): Object: 'Object Repository/Pre-regist OPD/Page_Buat Janji Dengan Dr. dr. John C. P. B_f26caf/Page_Cari Jadwal  Buat Janji dengan Dokter _791af4/button_Cari' is clicked on

2021-09-01 15:25:40 - [MESSAGE][PASSED] - Object: 'Object Repository/Pre-regist OPD/Page_Buat Janji Dengan Dr. dr. John C. P. B_f26caf/Page_Cari Jadwal  Buat Janji dengan Dokter _791af4/button_Cari' is clicked on

2021-09-01 15:25:40 - [TEST_STEP][PASSED] - waitForElementVisible(findTestObject("Pre-regist OPD/Page_Buat Janji Dengan Dr. dr. John C. P. B_f26caf/Page_Cari Jadwal Praktek Dr. dr. John C. P._b32dd8/button_Buat Janji Temu"), 120): Object 'Object Repository/Pre-regist OPD/Page_Buat Janji Dengan Dr. dr. John C. P. B_f26caf/Page_Cari Jadwal Praktek Dr. dr. John C. P._b32dd8/button_Buat Janji Temu' is visible

2021-09-01 15:25:41 - [MESSAGE][PASSED] - Object 'Object Repository/Pre-regist OPD/Page_Buat Janji Dengan Dr. dr. John C. P. B_f26caf/Page_Cari Jadwal Praktek Dr. dr. John C. P._b32dd8/button_Buat Janji Temu' is visible

2021-09-01 15:25:41 - [TEST_STEP][PASSED] - click(findTestObject("Pre-regist OPD/Page_Buat Janji Dengan Dr. dr. John C. P. B_f26caf/Page_Cari Jadwal Praktek Dr. dr. John C. P._b32dd8/button_Buat Janji Temu")): Object: 'Object Repository/Pre-regist OPD/Page_Buat Janji Dengan Dr. dr. John C. P. B_f26caf/Page_Cari Jadwal Praktek Dr. dr. John C. P._b32dd8/button_Buat Janji Temu' is clicked on

2021-09-01 15:25:41 - [MESSAGE][PASSED] - Object: 'Object Repository/Pre-regist OPD/Page_Buat Janji Dengan Dr. dr. John C. P. B_f26caf/Page_Cari Jadwal Praktek Dr. dr. John C. P._b32dd8/button_Buat Janji Temu' is clicked on

2021-09-01 15:25:41 - [TEST_STEP][PASSED] - delay(1): Delayed 1 second(s)

2021-09-01 15:25:42 - [MESSAGE][PASSED] - Delayed 1 second(s)

2021-09-01 15:25:42 - [TEST_STEP][PASSED] - waitForElementVisible(findTestObject("Pre-regist OPD/Page_Buat Janji Dengan Dr. dr. John C. P. B_f26caf/pilih tanggal"), 30): Object 'Object Repository/Pre-regist OPD/Page_Buat Janji Dengan Dr. dr. John C. P. B_f26caf/pilih tanggal' is visible

2021-09-01 15:25:42 - [MESSAGE][PASSED] - Object 'Object Repository/Pre-regist OPD/Page_Buat Janji Dengan Dr. dr. John C. P. B_f26caf/pilih tanggal' is visible

2021-09-01 15:25:42 - [TEST_STEP][PASSED] - scrollToElement(findTestObject("Pre-regist OPD/Page_Buat Janji Dengan Dr. dr. John C. P. B_f26caf/pilih tanggal"), 30): Scroll to object 'Object Repository/Pre-regist OPD/Page_Buat Janji Dengan Dr. dr. John C. P. B_f26caf/pilih tanggal' successfully

2021-09-01 15:25:43 - [MESSAGE][PASSED] - Scroll to object 'Object Repository/Pre-regist OPD/Page_Buat Janji Dengan Dr. dr. John C. P. B_f26caf/pilih tanggal' successfully

2021-09-01 15:25:43 - [TEST_STEP][PASSED] - if (TanggalJanji != "0"): Delayed 1 second(s)

2021-09-01 15:25:43 - [TEST_STEP][PASSED] - if (TanggalJanji == "1"): null

2021-09-01 15:25:43 - [TEST_STEP][PASSED] - else if (TanggalJanji == "2"): Delayed 1 second(s)

2021-09-01 15:25:43 - [TEST_STEP][PASSED] - click(findTestObject("Pre-regist OPD/Page_Buat Janji Dengan Dr. dr. John C. P. B_f26caf/Tanggal/button_2")): Object: 'Object Repository/Pre-regist OPD/Page_Buat Janji Dengan Dr. dr. John C. P. B_f26caf/Tanggal/button_2' is clicked on

2021-09-01 15:25:43 - [MESSAGE][PASSED] - Object: 'Object Repository/Pre-regist OPD/Page_Buat Janji Dengan Dr. dr. John C. P. B_f26caf/Tanggal/button_2' is clicked on

2021-09-01 15:25:43 - [TEST_STEP][PASSED] - delay(1): Delayed 1 second(s)

2021-09-01 15:25:44 - [MESSAGE][PASSED] - Delayed 1 second(s)

2021-09-01 15:25:44 - [TEST_STEP][PASSED] - delay(1): Delayed 1 second(s)

2021-09-01 15:25:45 - [MESSAGE][PASSED] - Delayed 1 second(s)

2021-09-01 15:25:45 - [TEST_STEP][PASSED] - click(findTestObject("Pre-regist OPD/Page_Buat Janji Dengan Dr. dr. John C. P. B_f26caf/pilih jam")): Object: 'Object Repository/Pre-regist OPD/Page_Buat Janji Dengan Dr. dr. John C. P. B_f26caf/pilih jam' is clicked on

2021-09-01 15:25:45 - [MESSAGE][PASSED] - Object: 'Object Repository/Pre-regist OPD/Page_Buat Janji Dengan Dr. dr. John C. P. B_f26caf/pilih jam' is clicked on

2021-09-01 15:25:45 - [TEST_STEP][PASSED] - click(findTestObject("Object Repository/Pre-regist OPD/Page_Buat Janji Dengan Dr. dr. John C. P. B_f26caf/button_Lanjut")): Object: 'Object Repository/Pre-regist OPD/Page_Buat Janji Dengan Dr. dr. John C. P. B_f26caf/button_Lanjut' is clicked on

2021-09-01 15:25:46 - [MESSAGE][PASSED] - Object: 'Object Repository/Pre-regist OPD/Page_Buat Janji Dengan Dr. dr. John C. P. B_f26caf/button_Lanjut' is clicked on

2021-09-01 15:25:46 - [TEST_STEP][PASSED] - delay(1): Delayed 1 second(s)

2021-09-01 15:25:47 - [MESSAGE][PASSED] - Delayed 1 second(s)

2021-09-01 15:25:47 - [TEST_STEP][PASSED] - if (Reservasi == "Orang lain"): Delayed 3 second(s)

2021-09-01 15:25:47 - [TEST_STEP][PASSED] - delay(1): Delayed 1 second(s)

2021-09-01 15:25:48 - [MESSAGE][PASSED] - Delayed 1 second(s)

2021-09-01 15:25:48 - [TEST_STEP][PASSED] - setText(findTestObject("Pre-regist OPD/Page_Buat Janji Dengan Dr. dr. John C. P. B_f26caf/input_nama lengkap"), NamaLengkap): Text 'data test orang lain enam' is set on object 'Object Repository/Pre-regist OPD/Page_Buat Janji Dengan Dr. dr. John C. P. B_f26caf/input_nama lengkap'

2021-09-01 15:25:49 - [MESSAGE][PASSED] - Text 'data test orang lain enam' is set on object 'Object Repository/Pre-regist OPD/Page_Buat Janji Dengan Dr. dr. John C. P. B_f26caf/input_nama lengkap'

2021-09-01 15:25:49 - [TEST_STEP][PASSED] - click(findTestObject("Object Repository/Pre-regist OPD/Page_Buat Janji Dengan Dr. dr. John C. P. B_f26caf/input__date")): Object: 'Object Repository/Pre-regist OPD/Page_Buat Janji Dengan Dr. dr. John C. P. B_f26caf/input__date' is clicked on

2021-09-01 15:25:49 - [MESSAGE][PASSED] - Object: 'Object Repository/Pre-regist OPD/Page_Buat Janji Dengan Dr. dr. John C. P. B_f26caf/input__date' is clicked on

2021-09-01 15:25:49 - [TEST_STEP][PASSED] - setText(findTestObject("Pre-regist OPD/Page_Buat Janji Dengan Dr. dr. John C. P. B_f26caf/input tanggal lahir"), TanggalLahir): Text '1' is set on object 'Object Repository/Pre-regist OPD/Page_Buat Janji Dengan Dr. dr. John C. P. B_f26caf/input tanggal lahir'

2021-09-01 15:25:50 - [MESSAGE][PASSED] - Text '1' is set on object 'Object Repository/Pre-regist OPD/Page_Buat Janji Dengan Dr. dr. John C. P. B_f26caf/input tanggal lahir'

2021-09-01 15:25:50 - [TEST_STEP][PASSED] - click(findTestObject("Pre-regist OPD/Page_Buat Janji Dengan Dr. dr. John C. P. B_f26caf/klik tanggal lahir")): Object: 'Object Repository/Pre-regist OPD/Page_Buat Janji Dengan Dr. dr. John C. P. B_f26caf/klik tanggal lahir' is clicked on

2021-09-01 15:25:50 - [MESSAGE][PASSED] - Object: 'Object Repository/Pre-regist OPD/Page_Buat Janji Dengan Dr. dr. John C. P. B_f26caf/klik tanggal lahir' is clicked on

2021-09-01 15:25:50 - [TEST_STEP][PASSED] - click(findTestObject("Object Repository/Pre-regist OPD/Page_Buat Janji Dengan Dr. dr. John C. P. B_f26caf/input__month")): Object: 'Object Repository/Pre-regist OPD/Page_Buat Janji Dengan Dr. dr. John C. P. B_f26caf/input__month' is clicked on

2021-09-01 15:25:51 - [MESSAGE][PASSED] - Object: 'Object Repository/Pre-regist OPD/Page_Buat Janji Dengan Dr. dr. John C. P. B_f26caf/input__month' is clicked on

2021-09-01 15:25:51 - [TEST_STEP][PASSED] - setText(findTestObject("Pre-regist OPD/Page_Buat Janji Dengan Dr. dr. John C. P. B_f26caf/input bulan lahir"), BulanLahir): Text 'Januari' is set on object 'Object Repository/Pre-regist OPD/Page_Buat Janji Dengan Dr. dr. John C. P. B_f26caf/input bulan lahir'

2021-09-01 15:25:51 - [MESSAGE][PASSED] - Text 'Januari' is set on object 'Object Repository/Pre-regist OPD/Page_Buat Janji Dengan Dr. dr. John C. P. B_f26caf/input bulan lahir'

2021-09-01 15:25:51 - [TEST_STEP][PASSED] - click(findTestObject("Pre-regist OPD/Page_Buat Janji Dengan Dr. dr. John C. P. B_f26caf/pilih bulan lahir")): Object: 'Object Repository/Pre-regist OPD/Page_Buat Janji Dengan Dr. dr. John C. P. B_f26caf/pilih bulan lahir' is clicked on

2021-09-01 15:25:52 - [MESSAGE][PASSED] - Object: 'Object Repository/Pre-regist OPD/Page_Buat Janji Dengan Dr. dr. John C. P. B_f26caf/pilih bulan lahir' is clicked on

2021-09-01 15:25:52 - [TEST_STEP][PASSED] - click(findTestObject("Object Repository/Pre-regist OPD/Page_Buat Janji Dengan Dr. dr. John C. P. B_f26caf/input__year")): Object: 'Object Repository/Pre-regist OPD/Page_Buat Janji Dengan Dr. dr. John C. P. B_f26caf/input__year' is clicked on

2021-09-01 15:25:52 - [MESSAGE][PASSED] - Object: 'Object Repository/Pre-regist OPD/Page_Buat Janji Dengan Dr. dr. John C. P. B_f26caf/input__year' is clicked on

2021-09-01 15:25:52 - [TEST_STEP][PASSED] - setText(findTestObject("Pre-regist OPD/Page_Buat Janji Dengan Dr. dr. John C. P. B_f26caf/input_tahun lahir"), TahunLahir): Text '1991' is set on object 'Object Repository/Pre-regist OPD/Page_Buat Janji Dengan Dr. dr. John C. P. B_f26caf/input_tahun lahir'

2021-09-01 15:25:53 - [MESSAGE][PASSED] - Text '1991' is set on object 'Object Repository/Pre-regist OPD/Page_Buat Janji Dengan Dr. dr. John C. P. B_f26caf/input_tahun lahir'

2021-09-01 15:25:53 - [TEST_STEP][PASSED] - click(findTestObject("Pre-regist OPD/Page_Buat Janji Dengan Dr. dr. John C. P. B_f26caf/pilih tahun lahir")): Object: 'Object Repository/Pre-regist OPD/Page_Buat Janji Dengan Dr. dr. John C. P. B_f26caf/pilih tahun lahir' is clicked on

2021-09-01 15:25:53 - [MESSAGE][PASSED] - Object: 'Object Repository/Pre-regist OPD/Page_Buat Janji Dengan Dr. dr. John C. P. B_f26caf/pilih tahun lahir' is clicked on

2021-09-01 15:25:53 - [TEST_STEP][PASSED] - setText(findTestObject("Object Repository/Pre-regist OPD/Page_Buat Janji Dengan Dr. dr. John C. P. B_f26caf/input__email"), Email): Text 'rawiyarta@gmail.com' is set on object 'Object Repository/Pre-regist OPD/Page_Buat Janji Dengan Dr. dr. John C. P. B_f26caf/input__email'

2021-09-01 15:25:54 - [MESSAGE][PASSED] - Text 'rawiyarta@gmail.com' is set on object 'Object Repository/Pre-regist OPD/Page_Buat Janji Dengan Dr. dr. John C. P. B_f26caf/input__email'

2021-09-01 15:25:54 - [TEST_STEP][PASSED] - setText(findTestObject("Object Repository/Pre-regist OPD/Page_Buat Janji Dengan Dr. dr. John C. P. B_f26caf/input_land Islands_telephone"), NoHP): Text '8125051512' is set on object 'Object Repository/Pre-regist OPD/Page_Buat Janji Dengan Dr. dr. John C. P. B_f26caf/input_land Islands_telephone'

2021-09-01 15:25:55 - [MESSAGE][PASSED] - Text '8125051512' is set on object 'Object Repository/Pre-regist OPD/Page_Buat Janji Dengan Dr. dr. John C. P. B_f26caf/input_land Islands_telephone'

2021-09-01 15:25:55 - [TEST_STEP][PASSED] - click(findTestObject("Object Repository/Pre-regist OPD/Page_Buat Janji Dengan Dr. dr. John C. P. B_f26caf/button_Lanjut_1")): Object: 'Object Repository/Pre-regist OPD/Page_Buat Janji Dengan Dr. dr. John C. P. B_f26caf/button_Lanjut_1' is clicked on

2021-09-01 15:25:55 - [MESSAGE][PASSED] - Object: 'Object Repository/Pre-regist OPD/Page_Buat Janji Dengan Dr. dr. John C. P. B_f26caf/button_Lanjut_1' is clicked on

2021-09-01 15:25:55 - [TEST_STEP][PASSED] - click(findTestObject("Pre-regist OPD/Page_Buat Janji Dengan Dr. dr. John C. P. B_f26caf/saya menyatakan")): Object: 'Object Repository/Pre-regist OPD/Page_Buat Janji Dengan Dr. dr. John C. P. B_f26caf/saya menyatakan' is clicked on

2021-09-01 15:25:56 - [MESSAGE][PASSED] - Object: 'Object Repository/Pre-regist OPD/Page_Buat Janji Dengan Dr. dr. John C. P. B_f26caf/saya menyatakan' is clicked on

2021-09-01 15:25:56 - [TEST_STEP][PASSED] - click(findTestObject("Object Repository/Pre-regist OPD/Page_Buat Janji Dengan Dr. dr. John C. P. B_f26caf/button_Konfirmasi")): Object: 'Object Repository/Pre-regist OPD/Page_Buat Janji Dengan Dr. dr. John C. P. B_f26caf/button_Konfirmasi' is clicked on

2021-09-01 15:25:56 - [MESSAGE][PASSED] - Object: 'Object Repository/Pre-regist OPD/Page_Buat Janji Dengan Dr. dr. John C. P. B_f26caf/button_Konfirmasi' is clicked on

2021-09-01 15:25:56 - [TEST_STEP][PASSED] - waitForElementNotVisible(findTestObject("Pre-regist OPD/Page_Buat Janji Dengan Dr. dr. John C. P. B_f26caf/modal/modal popup"), 15): Web element with id: 'Object Repository/Pre-regist OPD/Page_Buat Janji Dengan Dr. dr. John C. P. B_f26caf/modal/modal popup' located by '//div[@id='modal']/div/div[2]' not found

2021-09-01 15:26:12 - [MESSAGE][INFO] - Unable to find the element located by 'By.xpath: //div[@id='modal']/div/div[2]'. Please recheck the objects properties to make sure the desired element is located. 

2021-09-01 15:26:12 - [MESSAGE][WARNING] - [SELF-HEALING] Failed to find element with id 'Object Repository/Pre-regist OPD/Page_Buat Janji Dengan Dr. dr. John C. P. B_f26caf/modal/modal popup'. Try using Self-healing.

2021-09-01 15:26:13 - [MESSAGE][INFO] - [SELF-HEALING] Failed Locator: '//div[@id='modal']/div/div[2]'.

2021-09-01 15:26:13 - [MESSAGE][INFO] - [SELF-HEALING] Failed Locator: '(.//*[normalize-space(text()) and normalize-space(.)='Konfirmasi Data'])[1]/following::div[1]'.

2021-09-01 15:26:13 - [MESSAGE][INFO] - [SELF-HEALING] Failed Locator: '(.//*[normalize-space(text()) and normalize-space(.)='Lanjut'])[1]/following::div[5]'.

2021-09-01 15:26:14 - [MESSAGE][INFO] - [SELF-HEALING] Failed Locator: '//div[2]/div[2]/div/div/div[2]/div/div[2]'.

2021-09-01 15:26:15 - [MESSAGE][INFO] - Unable to find the element located by 'By.xpath: //*[(text() = 'Harap untuk periksa dan verifikasi informasi berikut :Nama:wefewTanggal Lahir:01 Januari 1994Nomor HP:04354353453Email:email@email.comJenis Kelamin:Laki-lakiTipe Kartu Identitas:KTPNo. Kartu Identitas:4234324324324324Unggah Kartu Identitas:Nama Dokter:dr. Agus Endrawanto, SpB, M.KesRumah Sakit:Tanggal:Selasa, 31 Agustus 2021, 12:30 - 13:00Saya menyatakan bahwa semua data diatas sudah benar Kembali  Konfirmasi  Konfirmasi & isi form pasien baru ' or . = 'Harap untuk periksa dan verifikasi informasi berikut :Nama:wefewTanggal Lahir:01 Januari 1994Nomor HP:04354353453Email:email@email.comJenis Kelamin:Laki-lakiTipe Kartu Identitas:KTPNo. Kartu Identitas:4234324324324324Unggah Kartu Identitas:Nama Dokter:dr. Agus Endrawanto, SpB, M.KesRumah Sakit:Tanggal:Selasa, 31 Agustus 2021, 12:30 - 13:00Saya menyatakan bahwa semua data diatas sudah benar Kembali  Konfirmasi  Konfirmasi & isi form pasien baru ')]'. Please recheck the objects properties to make sure the desired element is located. 

2021-09-01 15:26:16 - [MESSAGE][INFO] - Unable to find the element located by 'By.cssSelector: div.r-modal-form.r-ptb-16'. Please recheck the objects properties to make sure the desired element is located. 

2021-09-01 15:26:16 - [MESSAGE][WARNING] - Web element with id: 'Object Repository/Pre-regist OPD/Page_Buat Janji Dengan Dr. dr. John C. P. B_f26caf/modal/modal popup' located by '//div[@id='modal']/div/div[2]' not found

2021-09-01 15:26:16 - [TEST_STEP][PASSED] - scrollToPosition(0, 999999): Browser is scrolled to position x = 0, y = 999999

2021-09-01 15:26:16 - [MESSAGE][PASSED] - Browser is scrolled to position x = 0, y = 999999

2021-09-01 15:26:16 - [TEST_STEP][PASSED] - CekEmailSMS = getText(findTestObject("Pre-regist OPD/Page_Buat Janji Dengan Dr. dr. John C. P. B_f26caf/cek email-sms")): Text of object 'Object Repository/Pre-regist OPD/Page_Buat Janji Dengan Dr. dr. John C. P. B_f26caf/cek email-sms' is: 'Kami akan menghubungi Anda melalui Email/SMS'

2021-09-01 15:26:16 - [MESSAGE][PASSED] - Text of object 'Object Repository/Pre-regist OPD/Page_Buat Janji Dengan Dr. dr. John C. P. B_f26caf/cek email-sms' is: 'Kami akan menghubungi Anda melalui Email/SMS'

2021-09-01 15:26:16 - [TEST_STEP][PASSED] - println("Silahkan : " + CekEmailSMS): null

2021-09-01 15:26:16 - [TEST_STEP][PASSED] - callTestCase(findTestCase("Pre-regis OPD/Call Center OPD"), ["Username":Username, "Password":Password, "NamaRSCC":NamaRSCC, "TanggalCC":TanggalCC, "NamaLengkap":NamaLengkap, "NamaDokter":NamaDokter], STOP_ON_FAILURE): Call Test Case 'Test Cases/Pre-regis OPD/Call Center OPD' successfully

2021-09-01 15:26:16 - [TEST_CASE][PASSED] - Test Cases/Pre-regis OPD/Call Center OPD: Test Cases/Pre-regis OPD/Call Center OPD

2021-09-01 15:26:17 - [TEST_STEP][NOT_RUN] - openBrowser(""): NOT_RUN: openBrowser("")

2021-09-01 15:26:17 - [MESSAGE][NOT_RUN] - NOT_RUN: openBrowser("")

2021-09-01 15:26:17 - [TEST_STEP][PASSED] - navigateToUrl("http://10.85.139.13:4304/appointment-list"): Navigate to 'http://10.85.139.13:4304/appointment-list' successfully

2021-09-01 15:26:19 - [MESSAGE][PASSED] - Navigate to 'http://10.85.139.13:4304/appointment-list' successfully

2021-09-01 15:26:19 - [TEST_STEP][NOT_RUN] - maximizeWindow(): NOT_RUN: maximizeWindow()

2021-09-01 15:26:19 - [MESSAGE][NOT_RUN] - NOT_RUN: maximizeWindow()

2021-09-01 15:26:19 - [TEST_STEP][PASSED] - waitForPageLoad(120, STOP_ON_FAILURE): Wait for page load successfully

2021-09-01 15:26:19 - [MESSAGE][PASSED] - Wait for page load successfully

2021-09-01 15:26:19 - [TEST_STEP][PASSED] - setText(findTestObject("Object Repository/Pre-regist OPD/FO/input_Username_username FO OPD"), Username): Text 'albert.aswindra' is set on object 'Object Repository/Pre-regist OPD/FO/input_Username_username FO OPD'

2021-09-01 15:26:41 - [MESSAGE][PASSED] - Text 'albert.aswindra' is set on object 'Object Repository/Pre-regist OPD/FO/input_Username_username FO OPD'

2021-09-01 15:26:41 - [TEST_STEP][PASSED] - delay(1): Delayed 1 second(s)

2021-09-01 15:26:42 - [MESSAGE][PASSED] - Delayed 1 second(s)

2021-09-01 15:26:42 - [TEST_STEP][PASSED] - setText(findTestObject("Object Repository/Pre-regist OPD/FO/input_Password_password FO OPD"), Password): Text 'al12345678' is set on object 'Object Repository/Pre-regist OPD/FO/input_Password_password FO OPD'

2021-09-01 15:26:43 - [MESSAGE][PASSED] - Text 'al12345678' is set on object 'Object Repository/Pre-regist OPD/FO/input_Password_password FO OPD'

2021-09-01 15:26:43 - [TEST_STEP][PASSED] - delay(1): Delayed 1 second(s)

2021-09-01 15:26:44 - [MESSAGE][PASSED] - Delayed 1 second(s)

2021-09-01 15:26:44 - [TEST_STEP][PASSED] - click(findTestObject("Object Repository/Pre-regist OPD/CC/button_Sign InCC")): Object: 'Object Repository/Pre-regist OPD/CC/button_Sign InCC' is clicked on

2021-09-01 15:26:44 - [MESSAGE][PASSED] - Object: 'Object Repository/Pre-regist OPD/CC/button_Sign InCC' is clicked on

2021-09-01 15:26:44 - [TEST_STEP][PASSED] - delay(2): Delayed 2 second(s)

2021-09-01 15:26:46 - [MESSAGE][PASSED] - Delayed 2 second(s)

2021-09-01 15:26:46 - [TEST_STEP][PASSED] - waitForElementVisible(findTestObject("Object Repository/Pre-regist OPD/CC/input_Hospital_ng-untouched ng-pristine ng-valid"), 120): Object 'Object Repository/Pre-regist OPD/CC/input_Hospital_ng-untouched ng-pristine ng-valid' is visible

2021-09-01 15:26:46 - [MESSAGE][PASSED] - Object 'Object Repository/Pre-regist OPD/CC/input_Hospital_ng-untouched ng-pristine ng-valid' is visible

2021-09-01 15:26:46 - [TEST_STEP][NOT_RUN] - click(findTestObject("Object Repository/Pre-regist OPD/CC/button_Appointment List")): NOT_RUN: click(findTestObject("Object Repository/Pre-regist OPD/CC/button_Appointment List"))

2021-09-01 15:26:46 - [MESSAGE][NOT_RUN] - NOT_RUN: click(findTestObject("Object Repository/Pre-regist OPD/CC/button_Appointment List"))

2021-09-01 15:26:46 - [TEST_STEP][NOT_RUN] - delay(2): NOT_RUN: delay(2)

2021-09-01 15:26:46 - [MESSAGE][NOT_RUN] - NOT_RUN: delay(2)

2021-09-01 15:26:46 - [TEST_STEP][NOT_RUN] - click(findTestObject("Object Repository/Pre-regist OPD/CC/input_Hospital_ng-untouched ng-pristine ng-valid")): NOT_RUN: click(findTestObject("Object Repository/Pre-regist OPD/CC/input_Hospital_ng-untouched ng-pristine ng-valid"))

2021-09-01 15:26:46 - [MESSAGE][NOT_RUN] - NOT_RUN: click(findTestObject("Object Repository/Pre-regist OPD/CC/input_Hospital_ng-untouched ng-pristine ng-valid"))

2021-09-01 15:26:46 - [TEST_STEP][NOT_RUN] - setText(findTestObject("Object Repository/Pre-regist OPD/CC/input_Hospital_ng-untouched ng-pristine ng-valid"), NamaRSCC): NOT_RUN: setText(findTestObject("Object Repository/Pre-regist OPD/CC/input_Hospital_ng-untouched ng-pristine ng-valid"), NamaRSCC)

2021-09-01 15:26:46 - [MESSAGE][NOT_RUN] - NOT_RUN: setText(findTestObject("Object Repository/Pre-regist OPD/CC/input_Hospital_ng-untouched ng-pristine ng-valid"), NamaRSCC)

2021-09-01 15:26:46 - [TEST_STEP][NOT_RUN] - click(findTestObject("Object Repository/Pre-regist OPD/CC/pilih RS")): NOT_RUN: click(findTestObject("Object Repository/Pre-regist OPD/CC/pilih RS"))

2021-09-01 15:26:46 - [MESSAGE][NOT_RUN] - NOT_RUN: click(findTestObject("Object Repository/Pre-regist OPD/CC/pilih RS"))

2021-09-01 15:26:46 - [TEST_STEP][NOT_RUN] - click(findTestObject("Object Repository/Pre-regist OPD/CC/hapus tanggal appointment list")): NOT_RUN: click(findTestObject("Object Repository/Pre-regist OPD/CC/hapus tanggal appointment list"))

2021-09-01 15:26:46 - [MESSAGE][NOT_RUN] - NOT_RUN: click(findTestObject("Object Repository/Pre-regist OPD/CC/hapus tanggal appointment list"))

2021-09-01 15:26:46 - [TEST_STEP][NOT_RUN] - setText(findTestObject("Object Repository/Pre-regist OPD/CC/input_Appointment date_selection ng-untouch_b13c69"), TanggalCC): NOT_RUN: setText(findTestObject("Object Repository/Pre-regist OPD/CC/input_Appointment date_selection ng-untouch_b13c69"), TanggalCC)

2021-09-01 15:26:46 - [MESSAGE][NOT_RUN] - NOT_RUN: setText(findTestObject("Object Repository/Pre-regist OPD/CC/input_Appointment date_selection ng-untouch_b13c69"), TanggalCC)

2021-09-01 15:26:46 - [TEST_STEP][NOT_RUN] - setText(findTestObject("Object Repository/Pre-regist OPD/CC/input_Action_filter-by-name-appointment-list"), NamaLengkap): NOT_RUN: setText(findTestObject("Object Repository/Pre-regist OPD/CC/input_Action_filter-by-name-appointment-list"), NamaLengkap)

2021-09-01 15:26:46 - [MESSAGE][NOT_RUN] - NOT_RUN: setText(findTestObject("Object Repository/Pre-regist OPD/CC/input_Action_filter-by-name-appointment-list"), NamaLengkap)

2021-09-01 15:26:46 - [TEST_STEP][NOT_RUN] - click(findTestObject("Object Repository/Pre-regist OPD/CC/td konfirmasi")): NOT_RUN: click(findTestObject("Object Repository/Pre-regist OPD/CC/td konfirmasi"))

2021-09-01 15:26:46 - [MESSAGE][NOT_RUN] - NOT_RUN: click(findTestObject("Object Repository/Pre-regist OPD/CC/td konfirmasi"))

2021-09-01 15:26:46 - [TEST_STEP][NOT_RUN] - delay(15): NOT_RUN: delay(15)

2021-09-01 15:26:46 - [MESSAGE][NOT_RUN] - NOT_RUN: delay(15)

2021-09-01 15:26:46 - [TEST_STEP][PASSED] - if (Reservasi == "Orang lain" || Reservasi == "Diri Sendiri" && PernahBerobat == "Pernah"): null

2021-09-01 15:26:46 - [MESSAGE][PASSED] - Call Test Case 'Test Cases/Pre-regis OPD/Call Center OPD' successfully

2021-09-01 15:26:46 - [TEST_STEP][PASSED] - delay(3): Delayed 3 second(s)

2021-09-01 15:26:49 - [MESSAGE][PASSED] - Delayed 3 second(s)]]></system-out>
         <system-err><![CDATA[]]></system-err>
      </testcase>
      <system-out><![CDATA[2021-09-01 15:24:57 - [TEST_SUITE][FAILED] - Pre-regist OPD: Test Cases/Pre-regis OPD/appointment microsite FAILED.
Reason:
com.kms.katalon.core.exception.StepFailedException: Unable to wait for object 'Object Repository/Pre-regist OPD/Page_Buat Janji Dengan Dr. dr. John C. P. B_f26caf/modal/modal popup' to be NOT visible
	at com.kms.katalon.core.webui.keyword.internal.WebUIKeywordMain.stepFailed(WebUIKeywordMain.groovy:64)
	at com.kms.katalon.core.webui.keyword.internal.WebUIKeywordMain.runKeyword(WebUIKeywordMain.groovy:26)
	at com.kms.katalon.core.webui.keyword.internal.WebUIKeywordMain$runKeyword.call(Unknown Source)
	at com.kms.katalon.core.webui.keyword.builtin.WaitForElementNotVisibleKeyword.waitForElementNotVisible(WaitForElementNotVisibleKeyword.groovy:108)
	at com.kms.katalon.core.webui.keyword.builtin.WaitForElementNotVisibleKeyword.execute(WaitForElementNotVisibleKeyword.groovy:68)
	at com.kms.katalon.core.keyword.internal.KeywordExecutor.executeKeywordForPlatform(KeywordExecutor.groovy:74)
	at com.kms.katalon.core.webui.keyword.WebUiBuiltInKeywords.waitForElementNotVisible(WebUiBuiltInKeywords.groovy:471)
	at com.kms.katalon.core.webui.keyword.WebUiBuiltInKeywords$waitForElementNotVisible$7.call(Unknown Source)
	at appointment microsite.run(appointment microsite:234)
	at com.kms.katalon.core.main.ScriptEngine.run(ScriptEngine.java:194)
	at com.kms.katalon.core.main.ScriptEngine.runScriptAsRawText(ScriptEngine.java:119)
	at com.kms.katalon.core.main.TestCaseExecutor.runScript(TestCaseExecutor.java:430)
	at com.kms.katalon.core.main.TestCaseExecutor.doExecute(TestCaseExecutor.java:421)
	at com.kms.katalon.core.main.TestCaseExecutor.processExecutionPhase(TestCaseExecutor.java:400)
	at com.kms.katalon.core.main.TestCaseExecutor.accessMainPhase(TestCaseExecutor.java:392)
	at com.kms.katalon.core.main.TestCaseExecutor.execute(TestCaseExecutor.java:273)
	at com.kms.katalon.core.main.TestSuiteExecutor.accessTestCaseMainPhase(TestSuiteExecutor.java:202)
	at com.kms.katalon.core.main.TestSuiteExecutor.accessTestSuiteMainPhase(TestSuiteExecutor.java:164)
	at com.kms.katalon.core.main.TestSuiteExecutor.execute(TestSuiteExecutor.java:105)
	at com.kms.katalon.core.main.TestCaseMain.startTestSuite(TestCaseMain.java:185)
	at com.kms.katalon.core.main.TestCaseMain$startTestSuite$0.call(Unknown Source)
	at TempTestSuite1630484681511.run(TempTestSuite1630484681511.groovy:36)
Caused by: org.openqa.selenium.StaleElementReferenceException: stale element reference: element is not attached to the page document
  (Session info: chrome=92.0.4515.159)
For documentation on this error, please visit: https://www.seleniumhq.org/exceptions/stale_element_reference.html
Build info: version: '3.141.59', revision: 'e82be7d358', time: '2018-11-14T08:25:53'
System info: host: 'LAPTOP-L0M8DJBN', ip: '192.168.1.8', os.name: 'Windows 10', os.arch: 'amd64', os.version: '10.0', java.version: '1.8.0_282'
Driver info: com.kms.katalon.selenium.driver.CChromeDriver
Capabilities {acceptInsecureCerts: false, browserName: chrome, browserVersion: 92.0.4515.159, chrome: {chromedriverVersion: 92.0.4515.43 (8c61b7e2989f2..., userDataDir: C:\Users\rezaa\AppData\Loca...}, goog:chromeOptions: {debuggerAddress: localhost:53217}, javascriptEnabled: true, networkConnectionEnabled: false, pageLoadStrategy: normal, platform: WINDOWS, platformName: WINDOWS, proxy: Proxy(), setWindowRect: true, strictFileInteractability: false, timeouts: {implicit: 0, pageLoad: 300000, script: 30000}, unhandledPromptBehavior: dismiss and notify, webauthn:extension:credBlob: true, webauthn:extension:largeBlob: true, webauthn:virtualAuthenticators: true}
Session ID: 47886a7ea22a91291eab5985bd33b528
	at org.openqa.selenium.remote.http.W3CHttpResponseCodec.createException(W3CHttpResponseCodec.java:187)
	at org.openqa.selenium.remote.http.W3CHttpResponseCodec.decode(W3CHttpResponseCodec.java:122)
	at org.openqa.selenium.remote.http.W3CHttpResponseCodec.decode(W3CHttpResponseCodec.java:49)
	at org.openqa.selenium.remote.HttpCommandExecutor.execute(HttpCommandExecutor.java:158)
	at org.openqa.selenium.remote.service.DriverCommandExecutor.execute(DriverCommandExecutor.java:83)
	at org.openqa.selenium.remote.RemoteWebDriver.execute(RemoteWebDriver.java:552)
	at com.kms.katalon.selenium.driver.CChromeDriver.execute(CChromeDriver.java:19)
	at org.openqa.selenium.remote.RemoteWebElement.execute(RemoteWebElement.java:285)
	at org.openqa.selenium.remote.RemoteWebElement.isDisplayed(RemoteWebElement.java:326)
	at org.openqa.selenium.support.events.EventFiringWebDriver$EventFiringWebElement.lambda$new$0(EventFiringWebDriver.java:404)
	at com.sun.proxy.$Proxy11.isDisplayed(Unknown Source)
	at org.openqa.selenium.support.events.EventFiringWebDriver$EventFiringWebElement.isDisplayed(EventFiringWebDriver.java:470)
	at org.openqa.selenium.WebElement$isDisplayed.call(Unknown Source)
	at com.kms.katalon.core.webui.keyword.builtin.WaitForElementNotVisibleKeyword$1.apply(WaitForElementNotVisibleKeyword.groovy:84)
	at com.kms.katalon.core.webui.keyword.builtin.WaitForElementNotVisibleKeyword$1.apply(WaitForElementNotVisibleKeyword.groovy)
	at org.openqa.selenium.support.ui.FluentWait.until(FluentWait.java:249)
	at org.openqa.selenium.support.ui.Wait$until.call(Unknown Source)
	at com.kms.katalon.core.webui.keyword.builtin.WaitForElementNotVisibleKeyword$_waitForElementNotVisible_closure1.doCall(WaitForElementNotVisibleKeyword.groovy:81)
	at com.kms.katalon.core.webui.keyword.builtin.WaitForElementNotVisibleKeyword$_waitForElementNotVisible_closure1.doCall(WaitForElementNotVisibleKeyword.groovy)
	at com.kms.katalon.core.webui.keyword.internal.WebUIKeywordMain.runKeyword(WebUIKeywordMain.groovy:20)
	... 20 more]]></system-out>
      <system-err><![CDATA[2021-09-01 15:24:57 - [TEST_SUITE][FAILED] - Pre-regist OPD: Test Cases/Pre-regis OPD/appointment microsite FAILED.
Reason:
com.kms.katalon.core.exception.StepFailedException: Unable to wait for object 'Object Repository/Pre-regist OPD/Page_Buat Janji Dengan Dr. dr. John C. P. B_f26caf/modal/modal popup' to be NOT visible
	at com.kms.katalon.core.webui.keyword.internal.WebUIKeywordMain.stepFailed(WebUIKeywordMain.groovy:64)
	at com.kms.katalon.core.webui.keyword.internal.WebUIKeywordMain.runKeyword(WebUIKeywordMain.groovy:26)
	at com.kms.katalon.core.webui.keyword.internal.WebUIKeywordMain$runKeyword.call(Unknown Source)
	at com.kms.katalon.core.webui.keyword.builtin.WaitForElementNotVisibleKeyword.waitForElementNotVisible(WaitForElementNotVisibleKeyword.groovy:108)
	at com.kms.katalon.core.webui.keyword.builtin.WaitForElementNotVisibleKeyword.execute(WaitForElementNotVisibleKeyword.groovy:68)
	at com.kms.katalon.core.keyword.internal.KeywordExecutor.executeKeywordForPlatform(KeywordExecutor.groovy:74)
	at com.kms.katalon.core.webui.keyword.WebUiBuiltInKeywords.waitForElementNotVisible(WebUiBuiltInKeywords.groovy:471)
	at com.kms.katalon.core.webui.keyword.WebUiBuiltInKeywords$waitForElementNotVisible$7.call(Unknown Source)
	at appointment microsite.run(appointment microsite:234)
	at com.kms.katalon.core.main.ScriptEngine.run(ScriptEngine.java:194)
	at com.kms.katalon.core.main.ScriptEngine.runScriptAsRawText(ScriptEngine.java:119)
	at com.kms.katalon.core.main.TestCaseExecutor.runScript(TestCaseExecutor.java:430)
	at com.kms.katalon.core.main.TestCaseExecutor.doExecute(TestCaseExecutor.java:421)
	at com.kms.katalon.core.main.TestCaseExecutor.processExecutionPhase(TestCaseExecutor.java:400)
	at com.kms.katalon.core.main.TestCaseExecutor.accessMainPhase(TestCaseExecutor.java:392)
	at com.kms.katalon.core.main.TestCaseExecutor.execute(TestCaseExecutor.java:273)
	at com.kms.katalon.core.main.TestSuiteExecutor.accessTestCaseMainPhase(TestSuiteExecutor.java:202)
	at com.kms.katalon.core.main.TestSuiteExecutor.accessTestSuiteMainPhase(TestSuiteExecutor.java:164)
	at com.kms.katalon.core.main.TestSuiteExecutor.execute(TestSuiteExecutor.java:105)
	at com.kms.katalon.core.main.TestCaseMain.startTestSuite(TestCaseMain.java:185)
	at com.kms.katalon.core.main.TestCaseMain$startTestSuite$0.call(Unknown Source)
	at TempTestSuite1630484681511.run(TempTestSuite1630484681511.groovy:36)
Caused by: org.openqa.selenium.StaleElementReferenceException: stale element reference: element is not attached to the page document
  (Session info: chrome=92.0.4515.159)
For documentation on this error, please visit: https://www.seleniumhq.org/exceptions/stale_element_reference.html
Build info: version: '3.141.59', revision: 'e82be7d358', time: '2018-11-14T08:25:53'
System info: host: 'LAPTOP-L0M8DJBN', ip: '192.168.1.8', os.name: 'Windows 10', os.arch: 'amd64', os.version: '10.0', java.version: '1.8.0_282'
Driver info: com.kms.katalon.selenium.driver.CChromeDriver
Capabilities {acceptInsecureCerts: false, browserName: chrome, browserVersion: 92.0.4515.159, chrome: {chromedriverVersion: 92.0.4515.43 (8c61b7e2989f2..., userDataDir: C:\Users\rezaa\AppData\Loca...}, goog:chromeOptions: {debuggerAddress: localhost:53217}, javascriptEnabled: true, networkConnectionEnabled: false, pageLoadStrategy: normal, platform: WINDOWS, platformName: WINDOWS, proxy: Proxy(), setWindowRect: true, strictFileInteractability: false, timeouts: {implicit: 0, pageLoad: 300000, script: 30000}, unhandledPromptBehavior: dismiss and notify, webauthn:extension:credBlob: true, webauthn:extension:largeBlob: true, webauthn:virtualAuthenticators: true}
Session ID: 47886a7ea22a91291eab5985bd33b528
	at org.openqa.selenium.remote.http.W3CHttpResponseCodec.createException(W3CHttpResponseCodec.java:187)
	at org.openqa.selenium.remote.http.W3CHttpResponseCodec.decode(W3CHttpResponseCodec.java:122)
	at org.openqa.selenium.remote.http.W3CHttpResponseCodec.decode(W3CHttpResponseCodec.java:49)
	at org.openqa.selenium.remote.HttpCommandExecutor.execute(HttpCommandExecutor.java:158)
	at org.openqa.selenium.remote.service.DriverCommandExecutor.execute(DriverCommandExecutor.java:83)
	at org.openqa.selenium.remote.RemoteWebDriver.execute(RemoteWebDriver.java:552)
	at com.kms.katalon.selenium.driver.CChromeDriver.execute(CChromeDriver.java:19)
	at org.openqa.selenium.remote.RemoteWebElement.execute(RemoteWebElement.java:285)
	at org.openqa.selenium.remote.RemoteWebElement.isDisplayed(RemoteWebElement.java:326)
	at org.openqa.selenium.support.events.EventFiringWebDriver$EventFiringWebElement.lambda$new$0(EventFiringWebDriver.java:404)
	at com.sun.proxy.$Proxy11.isDisplayed(Unknown Source)
	at org.openqa.selenium.support.events.EventFiringWebDriver$EventFiringWebElement.isDisplayed(EventFiringWebDriver.java:470)
	at org.openqa.selenium.WebElement$isDisplayed.call(Unknown Source)
	at com.kms.katalon.core.webui.keyword.builtin.WaitForElementNotVisibleKeyword$1.apply(WaitForElementNotVisibleKeyword.groovy:84)
	at com.kms.katalon.core.webui.keyword.builtin.WaitForElementNotVisibleKeyword$1.apply(WaitForElementNotVisibleKeyword.groovy)
	at org.openqa.selenium.support.ui.FluentWait.until(FluentWait.java:249)
	at org.openqa.selenium.support.ui.Wait$until.call(Unknown Source)
	at com.kms.katalon.core.webui.keyword.builtin.WaitForElementNotVisibleKeyword$_waitForElementNotVisible_closure1.doCall(WaitForElementNotVisibleKeyword.groovy:81)
	at com.kms.katalon.core.webui.keyword.builtin.WaitForElementNotVisibleKeyword$_waitForElementNotVisible_closure1.doCall(WaitForElementNotVisibleKeyword.groovy)
	at com.kms.katalon.core.webui.keyword.internal.WebUIKeywordMain.runKeyword(WebUIKeywordMain.groovy:20)
	... 20 more]]></system-err>
   </testsuite>
</testsuites>
